The target system is: Android - 30 - aarch64
The host system is: Linux - 4.15.0-142-generic - x86_64
Compiling the C compiler identification source file "CMakeCCompilerId.c" succeeded.
Compiler: /home/PJLAB/hanrui/workspace/android_demo_develop_ndk23/android-ndk-r23b/toolchains/llvm/prebuilt/linux-x86_64/bin/clang 
Build flags: 
Id flags: -c;--target=aarch64-none-linux-android30 

The output was:
0


Compilation of the C compiler identification source "CMakeCCompilerId.c" produced "CMakeCCompilerId.o"

The C compiler identification is Clang, found in "/home/PJLAB/hanrui/AndroidStudioProjects/mmdeploy-X/mmdeployxdetector/app/.cxx/cmake/debug/arm64-v8a/CMakeFiles/3.21.1/CompilerIdC/CMakeCCompilerId.o"

Compiling the CXX compiler identification source file "CMakeCXXCompilerId.cpp" succeeded.
Compiler: /home/PJLAB/hanrui/workspace/android_demo_develop_ndk23/android-ndk-r23b/toolchains/llvm/prebuilt/linux-x86_64/bin/clang++ 
Build flags: 
Id flags: -c;--target=aarch64-none-linux-android30 

The output was:
0


Compilation of the CXX compiler identification source "CMakeCXXCompilerId.cpp" produced "CMakeCXXCompilerId.o"

The CXX compiler identification is Clang, found in "/home/PJLAB/hanrui/AndroidStudioProjects/mmdeploy-X/mmdeployxdetector/app/.cxx/cmake/debug/arm64-v8a/CMakeFiles/3.21.1/CompilerIdCXX/CMakeCXXCompilerId.o"

Detecting C compiler ABI info compiled with the following output:
Change Dir: /home/PJLAB/hanrui/AndroidStudioProjects/mmdeploy-X/mmdeployxdetector/app/.cxx/cmake/debug/arm64-v8a/CMakeFiles/CMakeTmp

Run Build Command(s):/usr/local/bin/ninja cmTC_f6944 && [1/2] Building C object CMakeFiles/cmTC_f6944.dir/CMakeCCompilerABI.c.o
Android (7714059, based on r416183c1) clang version 12.0.8 (https://android.googlesource.com/toolchain/llvm-project c935d99d7cf2016289302412d708641d52d2f7ee)
Target: aarch64-none-linux-android30
Thread model: posix
InstalledDir: /home/PJLAB/hanrui/workspace/android_demo_develop_ndk23/android-ndk-r23b/toolchains/llvm/prebuilt/linux-x86_64/bin
Found candidate GCC installation: /home/PJLAB/hanrui/workspace/android_demo_develop_ndk23/android-ndk-r23b/toolchains/llvm/prebuilt/linux-x86_64/bin/../lib/gcc/aarch64-linux-android/4.9.x
Selected GCC installation: /home/PJLAB/hanrui/workspace/android_demo_develop_ndk23/android-ndk-r23b/toolchains/llvm/prebuilt/linux-x86_64/bin/../lib/gcc/aarch64-linux-android/4.9.x
Candidate multilib: .;@m64
Selected multilib: .;@m64
 (in-process)
 "/home/PJLAB/hanrui/workspace/android_demo_develop_ndk23/android-ndk-r23b/toolchains/llvm/prebuilt/linux-x86_64/bin/clang" -cc1 -triple aarch64-none-linux-android30 -emit-obj --mrelax-relocations -mnoexecstack -disable-free -disable-llvm-verifier -discard-value-names -main-file-name CMakeCCompilerABI.c -mrelocation-model pic -pic-level 2 -pic-is-pie -mframe-pointer=non-leaf -fno-rounding-math -mconstructor-aliases -munwind-tables -target-cpu generic -target-feature +neon -target-abi aapcs -mllvm -aarch64-fix-cortex-a53-835769=1 -fallow-half-arguments-and-returns -fno-split-dwarf-inlining -debug-info-kind=limited -dwarf-version=4 -debugger-tuning=gdb -v -ffunction-sections -fdata-sections -resource-dir /home/PJLAB/hanrui/workspace/android_demo_develop_ndk23/android-ndk-r23b/toolchains/llvm/prebuilt/linux-x86_64/lib64/clang/12.0.8 -dependency-file CMakeFiles/cmTC_f6944.dir/CMakeCCompilerABI.c.o.d -MT CMakeFiles/cmTC_f6944.dir/CMakeCCompilerABI.c.o -sys-header-deps -D ANDROID -D _FORTIFY_SOURCE=2 -D NDEBUG -isysroot /home/PJLAB/hanrui/workspace/android_demo_develop_ndk23/android-ndk-r23b/toolchains/llvm/prebuilt/linux-x86_64/sysroot -internal-isystem /home/PJLAB/hanrui/workspace/android_demo_develop_ndk23/android-ndk-r23b/toolchains/llvm/prebuilt/linux-x86_64/sysroot/usr/local/include -internal-isystem /home/PJLAB/hanrui/workspace/android_demo_develop_ndk23/android-ndk-r23b/toolchains/llvm/prebuilt/linux-x86_64/lib64/clang/12.0.8/include -internal-externc-isystem /home/PJLAB/hanrui/workspace/android_demo_develop_ndk23/android-ndk-r23b/toolchains/llvm/prebuilt/linux-x86_64/sysroot/usr/include/aarch64-linux-android -internal-externc-isystem /home/PJLAB/hanrui/workspace/android_demo_develop_ndk23/android-ndk-r23b/toolchains/llvm/prebuilt/linux-x86_64/sysroot/include -internal-externc-isystem /home/PJLAB/hanrui/workspace/android_demo_develop_ndk23/android-ndk-r23b/toolchains/llvm/prebuilt/linux-x86_64/sysroot/usr/include -O2 -Wformat -fdebug-compilation-dir /home/PJLAB/hanrui/AndroidStudioProjects/mmdeploy-X/mmdeployxdetector/app/.cxx/cmake/debug/arm64-v8a/CMakeFiles/CMakeTmp -ferror-limit 19 -stack-protector 2 -fno-signed-char -fgnuc-version=4.2.1 -fexceptions -vectorize-loops -vectorize-slp -o CMakeFiles/cmTC_f6944.dir/CMakeCCompilerABI.c.o -x c /usr/local/lib/python3.7/site-packages/cmake/data/share/cmake-3.21/Modules/CMakeCCompilerABI.c
clang -cc1 version 12.0.8 based upon LLVM 12.0.8git default target x86_64-unknown-linux-gnu
ignoring nonexistent directory "/home/PJLAB/hanrui/workspace/android_demo_develop_ndk23/android-ndk-r23b/toolchains/llvm/prebuilt/linux-x86_64/sysroot/include"
#include "..." search starts here:
#include <...> search starts here:
 /home/PJLAB/hanrui/workspace/android_demo_develop_ndk23/android-ndk-r23b/toolchains/llvm/prebuilt/linux-x86_64/sysroot/usr/local/include
 /home/PJLAB/hanrui/workspace/android_demo_develop_ndk23/android-ndk-r23b/toolchains/llvm/prebuilt/linux-x86_64/lib64/clang/12.0.8/include
 /home/PJLAB/hanrui/workspace/android_demo_develop_ndk23/android-ndk-r23b/toolchains/llvm/prebuilt/linux-x86_64/sysroot/usr/include/aarch64-linux-android
 /home/PJLAB/hanrui/workspace/android_demo_develop_ndk23/android-ndk-r23b/toolchains/llvm/prebuilt/linux-x86_64/sysroot/usr/include
End of search list.
[2/2] Linking C executable cmTC_f6944
Android (7714059, based on r416183c1) clang version 12.0.8 (https://android.googlesource.com/toolchain/llvm-project c935d99d7cf2016289302412d708641d52d2f7ee)
Target: aarch64-none-linux-android30
Thread model: posix
InstalledDir: /home/PJLAB/hanrui/workspace/android_demo_develop_ndk23/android-ndk-r23b/toolchains/llvm/prebuilt/linux-x86_64/bin
Found candidate GCC installation: /home/PJLAB/hanrui/workspace/android_demo_develop_ndk23/android-ndk-r23b/toolchains/llvm/prebuilt/linux-x86_64/bin/../lib/gcc/aarch64-linux-android/4.9.x
Selected GCC installation: /home/PJLAB/hanrui/workspace/android_demo_develop_ndk23/android-ndk-r23b/toolchains/llvm/prebuilt/linux-x86_64/bin/../lib/gcc/aarch64-linux-android/4.9.x
Candidate multilib: .;@m64
Selected multilib: .;@m64
 "/home/PJLAB/hanrui/workspace/android_demo_develop_ndk23/android-ndk-r23b/toolchains/llvm/prebuilt/linux-x86_64/bin/ld" --sysroot=/home/PJLAB/hanrui/workspace/android_demo_develop_ndk23/android-ndk-r23b/toolchains/llvm/prebuilt/linux-x86_64/sysroot -pie -z noexecstack -EL --fix-cortex-a53-843419 --warn-shared-textrel -z now -z relro -z max-page-size=4096 --hash-style=gnu --enable-new-dtags --eh-frame-hdr -m aarch64linux -dynamic-linker /system/bin/linker64 -o cmTC_f6944 /home/PJLAB/hanrui/workspace/android_demo_develop_ndk23/android-ndk-r23b/toolchains/llvm/prebuilt/linux-x86_64/sysroot/usr/lib/aarch64-linux-android/30/crtbegin_dynamic.o -L/home/PJLAB/hanrui/workspace/android_demo_develop_ndk23/android-ndk-r23b/toolchains/llvm/prebuilt/linux-x86_64/lib64/clang/12.0.8/lib/linux/aarch64 -L/home/PJLAB/hanrui/workspace/android_demo_develop_ndk23/android-ndk-r23b/toolchains/llvm/prebuilt/linux-x86_64/bin/../lib/gcc/aarch64-linux-android/4.9.x -L/home/PJLAB/hanrui/workspace/android_demo_develop_ndk23/android-ndk-r23b/toolchains/llvm/prebuilt/linux-x86_64/sysroot/usr/lib/aarch64-linux-android/30 -L/home/PJLAB/hanrui/workspace/android_demo_develop_ndk23/android-ndk-r23b/toolchains/llvm/prebuilt/linux-x86_64/sysroot/usr/lib/aarch64-linux-android -L/home/PJLAB/hanrui/workspace/android_demo_develop_ndk23/android-ndk-r23b/toolchains/llvm/prebuilt/linux-x86_64/sysroot/usr/lib --build-id=sha1 --fatal-warnings --no-undefined --gc-sections CMakeFiles/cmTC_f6944.dir/CMakeCCompilerABI.c.o -latomic -lm /home/PJLAB/hanrui/workspace/android_demo_develop_ndk23/android-ndk-r23b/toolchains/llvm/prebuilt/linux-x86_64/lib64/clang/12.0.8/lib/linux/libclang_rt.builtins-aarch64-android.a -l:libunwind.a -ldl -lc /home/PJLAB/hanrui/workspace/android_demo_develop_ndk23/android-ndk-r23b/toolchains/llvm/prebuilt/linux-x86_64/lib64/clang/12.0.8/lib/linux/libclang_rt.builtins-aarch64-android.a -l:libunwind.a -ldl /home/PJLAB/hanrui/workspace/android_demo_develop_ndk23/android-ndk-r23b/toolchains/llvm/prebuilt/linux-x86_64/sysroot/usr/lib/aarch64-linux-android/30/crtend_android.o



Parsed C implicit include dir info from above output: rv=done
  found start of include info
  found start of implicit include info
    add: [/home/PJLAB/hanrui/workspace/android_demo_develop_ndk23/android-ndk-r23b/toolchains/llvm/prebuilt/linux-x86_64/sysroot/usr/local/include]
    add: [/home/PJLAB/hanrui/workspace/android_demo_develop_ndk23/android-ndk-r23b/toolchains/llvm/prebuilt/linux-x86_64/lib64/clang/12.0.8/include]
    add: [/home/PJLAB/hanrui/workspace/android_demo_develop_ndk23/android-ndk-r23b/toolchains/llvm/prebuilt/linux-x86_64/sysroot/usr/include/aarch64-linux-android]
    add: [/home/PJLAB/hanrui/workspace/android_demo_develop_ndk23/android-ndk-r23b/toolchains/llvm/prebuilt/linux-x86_64/sysroot/usr/include]
  end of search list found
  collapse include dir [/home/PJLAB/hanrui/workspace/android_demo_develop_ndk23/android-ndk-r23b/toolchains/llvm/prebuilt/linux-x86_64/sysroot/usr/local/include] ==> [/home/PJLAB/hanrui/workspace/android_demo_develop_ndk23/android-ndk-r23b/toolchains/llvm/prebuilt/linux-x86_64/sysroot/usr/local/include]
  collapse include dir [/home/PJLAB/hanrui/workspace/android_demo_develop_ndk23/android-ndk-r23b/toolchains/llvm/prebuilt/linux-x86_64/lib64/clang/12.0.8/include] ==> [/home/PJLAB/hanrui/workspace/android_demo_develop_ndk23/android-ndk-r23b/toolchains/llvm/prebuilt/linux-x86_64/lib64/clang/12.0.8/include]
  collapse include dir [/home/PJLAB/hanrui/workspace/android_demo_develop_ndk23/android-ndk-r23b/toolchains/llvm/prebuilt/linux-x86_64/sysroot/usr/include/aarch64-linux-android] ==> [/home/PJLAB/hanrui/workspace/android_demo_develop_ndk23/android-ndk-r23b/toolchains/llvm/prebuilt/linux-x86_64/sysroot/usr/include/aarch64-linux-android]
  collapse include dir [/home/PJLAB/hanrui/workspace/android_demo_develop_ndk23/android-ndk-r23b/toolchains/llvm/prebuilt/linux-x86_64/sysroot/usr/include] ==> [/home/PJLAB/hanrui/workspace/android_demo_develop_ndk23/android-ndk-r23b/toolchains/llvm/prebuilt/linux-x86_64/sysroot/usr/include]
  implicit include dirs: [/home/PJLAB/hanrui/workspace/android_demo_develop_ndk23/android-ndk-r23b/toolchains/llvm/prebuilt/linux-x86_64/sysroot/usr/local/include;/home/PJLAB/hanrui/workspace/android_demo_develop_ndk23/android-ndk-r23b/toolchains/llvm/prebuilt/linux-x86_64/lib64/clang/12.0.8/include;/home/PJLAB/hanrui/workspace/android_demo_develop_ndk23/android-ndk-r23b/toolchains/llvm/prebuilt/linux-x86_64/sysroot/usr/include/aarch64-linux-android;/home/PJLAB/hanrui/workspace/android_demo_develop_ndk23/android-ndk-r23b/toolchains/llvm/prebuilt/linux-x86_64/sysroot/usr/include]


Parsed C implicit link information from above output:
  link line regex: [^( *|.*[/\])(ld\.lld|CMAKE_LINK_STARTFILE-NOTFOUND|([^/\]+-)?ld|collect2)[^/\]*( |$)]
  ignore line: [Change Dir: /home/PJLAB/hanrui/AndroidStudioProjects/mmdeploy-X/mmdeployxdetector/app/.cxx/cmake/debug/arm64-v8a/CMakeFiles/CMakeTmp]
  ignore line: []
  ignore line: [Run Build Command(s):/usr/local/bin/ninja cmTC_f6944 && [1/2] Building C object CMakeFiles/cmTC_f6944.dir/CMakeCCompilerABI.c.o]
  ignore line: [Android (7714059  based on r416183c1) clang version 12.0.8 (https://android.googlesource.com/toolchain/llvm-project c935d99d7cf2016289302412d708641d52d2f7ee)]
  ignore line: [Target: aarch64-none-linux-android30]
  ignore line: [Thread model: posix]
  ignore line: [InstalledDir: /home/PJLAB/hanrui/workspace/android_demo_develop_ndk23/android-ndk-r23b/toolchains/llvm/prebuilt/linux-x86_64/bin]
  ignore line: [Found candidate GCC installation: /home/PJLAB/hanrui/workspace/android_demo_develop_ndk23/android-ndk-r23b/toolchains/llvm/prebuilt/linux-x86_64/bin/../lib/gcc/aarch64-linux-android/4.9.x]
  ignore line: [Selected GCC installation: /home/PJLAB/hanrui/workspace/android_demo_develop_ndk23/android-ndk-r23b/toolchains/llvm/prebuilt/linux-x86_64/bin/../lib/gcc/aarch64-linux-android/4.9.x]
  ignore line: [Candidate multilib: .]
  ignore line: [@m64]
  ignore line: [Selected multilib: .]
  ignore line: [@m64]
  ignore line: [ (in-process)]
  ignore line: [ "/home/PJLAB/hanrui/workspace/android_demo_develop_ndk23/android-ndk-r23b/toolchains/llvm/prebuilt/linux-x86_64/bin/clang" -cc1 -triple aarch64-none-linux-android30 -emit-obj --mrelax-relocations -mnoexecstack -disable-free -disable-llvm-verifier -discard-value-names -main-file-name CMakeCCompilerABI.c -mrelocation-model pic -pic-level 2 -pic-is-pie -mframe-pointer=non-leaf -fno-rounding-math -mconstructor-aliases -munwind-tables -target-cpu generic -target-feature +neon -target-abi aapcs -mllvm -aarch64-fix-cortex-a53-835769=1 -fallow-half-arguments-and-returns -fno-split-dwarf-inlining -debug-info-kind=limited -dwarf-version=4 -debugger-tuning=gdb -v -ffunction-sections -fdata-sections -resource-dir /home/PJLAB/hanrui/workspace/android_demo_develop_ndk23/android-ndk-r23b/toolchains/llvm/prebuilt/linux-x86_64/lib64/clang/12.0.8 -dependency-file CMakeFiles/cmTC_f6944.dir/CMakeCCompilerABI.c.o.d -MT CMakeFiles/cmTC_f6944.dir/CMakeCCompilerABI.c.o -sys-header-deps -D ANDROID -D _FORTIFY_SOURCE=2 -D NDEBUG -isysroot /home/PJLAB/hanrui/workspace/android_demo_develop_ndk23/android-ndk-r23b/toolchains/llvm/prebuilt/linux-x86_64/sysroot -internal-isystem /home/PJLAB/hanrui/workspace/android_demo_develop_ndk23/android-ndk-r23b/toolchains/llvm/prebuilt/linux-x86_64/sysroot/usr/local/include -internal-isystem /home/PJLAB/hanrui/workspace/android_demo_develop_ndk23/android-ndk-r23b/toolchains/llvm/prebuilt/linux-x86_64/lib64/clang/12.0.8/include -internal-externc-isystem /home/PJLAB/hanrui/workspace/android_demo_develop_ndk23/android-ndk-r23b/toolchains/llvm/prebuilt/linux-x86_64/sysroot/usr/include/aarch64-linux-android -internal-externc-isystem /home/PJLAB/hanrui/workspace/android_demo_develop_ndk23/android-ndk-r23b/toolchains/llvm/prebuilt/linux-x86_64/sysroot/include -internal-externc-isystem /home/PJLAB/hanrui/workspace/android_demo_develop_ndk23/android-ndk-r23b/toolchains/llvm/prebuilt/linux-x86_64/sysroot/usr/include -O2 -Wformat -fdebug-compilation-dir /home/PJLAB/hanrui/AndroidStudioProjects/mmdeploy-X/mmdeployxdetector/app/.cxx/cmake/debug/arm64-v8a/CMakeFiles/CMakeTmp -ferror-limit 19 -stack-protector 2 -fno-signed-char -fgnuc-version=4.2.1 -fexceptions -vectorize-loops -vectorize-slp -o CMakeFiles/cmTC_f6944.dir/CMakeCCompilerABI.c.o -x c /usr/local/lib/python3.7/site-packages/cmake/data/share/cmake-3.21/Modules/CMakeCCompilerABI.c]
  ignore line: [clang -cc1 version 12.0.8 based upon LLVM 12.0.8git default target x86_64-unknown-linux-gnu]
  ignore line: [ignoring nonexistent directory "/home/PJLAB/hanrui/workspace/android_demo_develop_ndk23/android-ndk-r23b/toolchains/llvm/prebuilt/linux-x86_64/sysroot/include"]
  ignore line: [#include "..." search starts here:]
  ignore line: [#include <...> search starts here:]
  ignore line: [ /home/PJLAB/hanrui/workspace/android_demo_develop_ndk23/android-ndk-r23b/toolchains/llvm/prebuilt/linux-x86_64/sysroot/usr/local/include]
  ignore line: [ /home/PJLAB/hanrui/workspace/android_demo_develop_ndk23/android-ndk-r23b/toolchains/llvm/prebuilt/linux-x86_64/lib64/clang/12.0.8/include]
  ignore line: [ /home/PJLAB/hanrui/workspace/android_demo_develop_ndk23/android-ndk-r23b/toolchains/llvm/prebuilt/linux-x86_64/sysroot/usr/include/aarch64-linux-android]
  ignore line: [ /home/PJLAB/hanrui/workspace/android_demo_develop_ndk23/android-ndk-r23b/toolchains/llvm/prebuilt/linux-x86_64/sysroot/usr/include]
  ignore line: [End of search list.]
  ignore line: [[2/2] Linking C executable cmTC_f6944]
  ignore line: [Android (7714059  based on r416183c1) clang version 12.0.8 (https://android.googlesource.com/toolchain/llvm-project c935d99d7cf2016289302412d708641d52d2f7ee)]
  ignore line: [Target: aarch64-none-linux-android30]
  ignore line: [Thread model: posix]
  ignore line: [InstalledDir: /home/PJLAB/hanrui/workspace/android_demo_develop_ndk23/android-ndk-r23b/toolchains/llvm/prebuilt/linux-x86_64/bin]
  ignore line: [Found candidate GCC installation: /home/PJLAB/hanrui/workspace/android_demo_develop_ndk23/android-ndk-r23b/toolchains/llvm/prebuilt/linux-x86_64/bin/../lib/gcc/aarch64-linux-android/4.9.x]
  ignore line: [Selected GCC installation: /home/PJLAB/hanrui/workspace/android_demo_develop_ndk23/android-ndk-r23b/toolchains/llvm/prebuilt/linux-x86_64/bin/../lib/gcc/aarch64-linux-android/4.9.x]
  ignore line: [Candidate multilib: .]
  ignore line: [@m64]
  ignore line: [Selected multilib: .]
  ignore line: [@m64]
  link line: [ "/home/PJLAB/hanrui/workspace/android_demo_develop_ndk23/android-ndk-r23b/toolchains/llvm/prebuilt/linux-x86_64/bin/ld" --sysroot=/home/PJLAB/hanrui/workspace/android_demo_develop_ndk23/android-ndk-r23b/toolchains/llvm/prebuilt/linux-x86_64/sysroot -pie -z noexecstack -EL --fix-cortex-a53-843419 --warn-shared-textrel -z now -z relro -z max-page-size=4096 --hash-style=gnu --enable-new-dtags --eh-frame-hdr -m aarch64linux -dynamic-linker /system/bin/linker64 -o cmTC_f6944 /home/PJLAB/hanrui/workspace/android_demo_develop_ndk23/android-ndk-r23b/toolchains/llvm/prebuilt/linux-x86_64/sysroot/usr/lib/aarch64-linux-android/30/crtbegin_dynamic.o -L/home/PJLAB/hanrui/workspace/android_demo_develop_ndk23/android-ndk-r23b/toolchains/llvm/prebuilt/linux-x86_64/lib64/clang/12.0.8/lib/linux/aarch64 -L/home/PJLAB/hanrui/workspace/android_demo_develop_ndk23/android-ndk-r23b/toolchains/llvm/prebuilt/linux-x86_64/bin/../lib/gcc/aarch64-linux-android/4.9.x -L/home/PJLAB/hanrui/workspace/android_demo_develop_ndk23/android-ndk-r23b/toolchains/llvm/prebuilt/linux-x86_64/sysroot/usr/lib/aarch64-linux-android/30 -L/home/PJLAB/hanrui/workspace/android_demo_develop_ndk23/android-ndk-r23b/toolchains/llvm/prebuilt/linux-x86_64/sysroot/usr/lib/aarch64-linux-android -L/home/PJLAB/hanrui/workspace/android_demo_develop_ndk23/android-ndk-r23b/toolchains/llvm/prebuilt/linux-x86_64/sysroot/usr/lib --build-id=sha1 --fatal-warnings --no-undefined --gc-sections CMakeFiles/cmTC_f6944.dir/CMakeCCompilerABI.c.o -latomic -lm /home/PJLAB/hanrui/workspace/android_demo_develop_ndk23/android-ndk-r23b/toolchains/llvm/prebuilt/linux-x86_64/lib64/clang/12.0.8/lib/linux/libclang_rt.builtins-aarch64-android.a -l:libunwind.a -ldl -lc /home/PJLAB/hanrui/workspace/android_demo_develop_ndk23/android-ndk-r23b/toolchains/llvm/prebuilt/linux-x86_64/lib64/clang/12.0.8/lib/linux/libclang_rt.builtins-aarch64-android.a -l:libunwind.a -ldl /home/PJLAB/hanrui/workspace/android_demo_develop_ndk23/android-ndk-r23b/toolchains/llvm/prebuilt/linux-x86_64/sysroot/usr/lib/aarch64-linux-android/30/crtend_android.o]
    arg [/home/PJLAB/hanrui/workspace/android_demo_develop_ndk23/android-ndk-r23b/toolchains/llvm/prebuilt/linux-x86_64/bin/ld] ==> ignore
    arg [--sysroot=/home/PJLAB/hanrui/workspace/android_demo_develop_ndk23/android-ndk-r23b/toolchains/llvm/prebuilt/linux-x86_64/sysroot] ==> ignore
    arg [-pie] ==> ignore
    arg [-znoexecstack] ==> ignore
    arg [-EL] ==> ignore
    arg [--fix-cortex-a53-843419] ==> ignore
    arg [--warn-shared-textrel] ==> ignore
    arg [-znow] ==> ignore
    arg [-zrelro] ==> ignore
    arg [-zmax-page-size=4096] ==> ignore
    arg [--hash-style=gnu] ==> ignore
    arg [--enable-new-dtags] ==> ignore
    arg [--eh-frame-hdr] ==> ignore
    arg [-m] ==> ignore
    arg [aarch64linux] ==> ignore
    arg [-dynamic-linker] ==> ignore
    arg [/system/bin/linker64] ==> ignore
    arg [-o] ==> ignore
    arg [cmTC_f6944] ==> ignore
    arg [/home/PJLAB/hanrui/workspace/android_demo_develop_ndk23/android-ndk-r23b/toolchains/llvm/prebuilt/linux-x86_64/sysroot/usr/lib/aarch64-linux-android/30/crtbegin_dynamic.o] ==> obj [/home/PJLAB/hanrui/workspace/android_demo_develop_ndk23/android-ndk-r23b/toolchains/llvm/prebuilt/linux-x86_64/sysroot/usr/lib/aarch64-linux-android/30/crtbegin_dynamic.o]
    arg [-L/home/PJLAB/hanrui/workspace/android_demo_develop_ndk23/android-ndk-r23b/toolchains/llvm/prebuilt/linux-x86_64/lib64/clang/12.0.8/lib/linux/aarch64] ==> dir [/home/PJLAB/hanrui/workspace/android_demo_develop_ndk23/android-ndk-r23b/toolchains/llvm/prebuilt/linux-x86_64/lib64/clang/12.0.8/lib/linux/aarch64]
    arg [-L/home/PJLAB/hanrui/workspace/android_demo_develop_ndk23/android-ndk-r23b/toolchains/llvm/prebuilt/linux-x86_64/bin/../lib/gcc/aarch64-linux-android/4.9.x] ==> dir [/home/PJLAB/hanrui/workspace/android_demo_develop_ndk23/android-ndk-r23b/toolchains/llvm/prebuilt/linux-x86_64/bin/../lib/gcc/aarch64-linux-android/4.9.x]
    arg [-L/home/PJLAB/hanrui/workspace/android_demo_develop_ndk23/android-ndk-r23b/toolchains/llvm/prebuilt/linux-x86_64/sysroot/usr/lib/aarch64-linux-android/30] ==> dir [/home/PJLAB/hanrui/workspace/android_demo_develop_ndk23/android-ndk-r23b/toolchains/llvm/prebuilt/linux-x86_64/sysroot/usr/lib/aarch64-linux-android/30]
    arg [-L/home/PJLAB/hanrui/workspace/android_demo_develop_ndk23/android-ndk-r23b/toolchains/llvm/prebuilt/linux-x86_64/sysroot/usr/lib/aarch64-linux-android] ==> dir [/home/PJLAB/hanrui/workspace/android_demo_develop_ndk23/android-ndk-r23b/toolchains/llvm/prebuilt/linux-x86_64/sysroot/usr/lib/aarch64-linux-android]
    arg [-L/home/PJLAB/hanrui/workspace/android_demo_develop_ndk23/android-ndk-r23b/toolchains/llvm/prebuilt/linux-x86_64/sysroot/usr/lib] ==> dir [/home/PJLAB/hanrui/workspace/android_demo_develop_ndk23/android-ndk-r23b/toolchains/llvm/prebuilt/linux-x86_64/sysroot/usr/lib]
    arg [--build-id=sha1] ==> ignore
    arg [--fatal-warnings] ==> ignore
    arg [--no-undefined] ==> ignore
    arg [--gc-sections] ==> ignore
    arg [CMakeFiles/cmTC_f6944.dir/CMakeCCompilerABI.c.o] ==> ignore
    arg [-latomic] ==> lib [atomic]
    arg [-lm] ==> lib [m]
    arg [/home/PJLAB/hanrui/workspace/android_demo_develop_ndk23/android-ndk-r23b/toolchains/llvm/prebuilt/linux-x86_64/lib64/clang/12.0.8/lib/linux/libclang_rt.builtins-aarch64-android.a] ==> lib [/home/PJLAB/hanrui/workspace/android_demo_develop_ndk23/android-ndk-r23b/toolchains/llvm/prebuilt/linux-x86_64/lib64/clang/12.0.8/lib/linux/libclang_rt.builtins-aarch64-android.a]
    arg [-l:libunwind.a] ==> lib [-l:libunwind.a]
    arg [-ldl] ==> lib [dl]
    arg [-lc] ==> lib [c]
    arg [/home/PJLAB/hanrui/workspace/android_demo_develop_ndk23/android-ndk-r23b/toolchains/llvm/prebuilt/linux-x86_64/lib64/clang/12.0.8/lib/linux/libclang_rt.builtins-aarch64-android.a] ==> lib [/home/PJLAB/hanrui/workspace/android_demo_develop_ndk23/android-ndk-r23b/toolchains/llvm/prebuilt/linux-x86_64/lib64/clang/12.0.8/lib/linux/libclang_rt.builtins-aarch64-android.a]
    arg [-l:libunwind.a] ==> lib [-l:libunwind.a]
    arg [-ldl] ==> lib [dl]
    arg [/home/PJLAB/hanrui/workspace/android_demo_develop_ndk23/android-ndk-r23b/toolchains/llvm/prebuilt/linux-x86_64/sysroot/usr/lib/aarch64-linux-android/30/crtend_android.o] ==> obj [/home/PJLAB/hanrui/workspace/android_demo_develop_ndk23/android-ndk-r23b/toolchains/llvm/prebuilt/linux-x86_64/sysroot/usr/lib/aarch64-linux-android/30/crtend_android.o]
  remove lib [/home/PJLAB/hanrui/workspace/android_demo_develop_ndk23/android-ndk-r23b/toolchains/llvm/prebuilt/linux-x86_64/lib64/clang/12.0.8/lib/linux/libclang_rt.builtins-aarch64-android.a]
  remove lib [/home/PJLAB/hanrui/workspace/android_demo_develop_ndk23/android-ndk-r23b/toolchains/llvm/prebuilt/linux-x86_64/lib64/clang/12.0.8/lib/linux/libclang_rt.builtins-aarch64-android.a]
  collapse library dir [/home/PJLAB/hanrui/workspace/android_demo_develop_ndk23/android-ndk-r23b/toolchains/llvm/prebuilt/linux-x86_64/lib64/clang/12.0.8/lib/linux/aarch64] ==> [/home/PJLAB/hanrui/workspace/android_demo_develop_ndk23/android-ndk-r23b/toolchains/llvm/prebuilt/linux-x86_64/lib64/clang/12.0.8/lib/linux/aarch64]
  collapse library dir [/home/PJLAB/hanrui/workspace/android_demo_develop_ndk23/android-ndk-r23b/toolchains/llvm/prebuilt/linux-x86_64/bin/../lib/gcc/aarch64-linux-android/4.9.x] ==> [/home/PJLAB/hanrui/workspace/android_demo_develop_ndk23/android-ndk-r23b/toolchains/llvm/prebuilt/linux-x86_64/lib/gcc/aarch64-linux-android/4.9.x]
  collapse library dir [/home/PJLAB/hanrui/workspace/android_demo_develop_ndk23/android-ndk-r23b/toolchains/llvm/prebuilt/linux-x86_64/sysroot/usr/lib/aarch64-linux-android/30] ==> [/home/PJLAB/hanrui/workspace/android_demo_develop_ndk23/android-ndk-r23b/toolchains/llvm/prebuilt/linux-x86_64/sysroot/usr/lib/aarch64-linux-android/30]
  collapse library dir [/home/PJLAB/hanrui/workspace/android_demo_develop_ndk23/android-ndk-r23b/toolchains/llvm/prebuilt/linux-x86_64/sysroot/usr/lib/aarch64-linux-android] ==> [/home/PJLAB/hanrui/workspace/android_demo_develop_ndk23/android-ndk-r23b/toolchains/llvm/prebuilt/linux-x86_64/sysroot/usr/lib/aarch64-linux-android]
  collapse library dir [/home/PJLAB/hanrui/workspace/android_demo_develop_ndk23/android-ndk-r23b/toolchains/llvm/prebuilt/linux-x86_64/sysroot/usr/lib] ==> [/home/PJLAB/hanrui/workspace/android_demo_develop_ndk23/android-ndk-r23b/toolchains/llvm/prebuilt/linux-x86_64/sysroot/usr/lib]
  implicit libs: [atomic;m;-l:libunwind.a;dl;c;-l:libunwind.a;dl]
  implicit objs: [/home/PJLAB/hanrui/workspace/android_demo_develop_ndk23/android-ndk-r23b/toolchains/llvm/prebuilt/linux-x86_64/sysroot/usr/lib/aarch64-linux-android/30/crtbegin_dynamic.o;/home/PJLAB/hanrui/workspace/android_demo_develop_ndk23/android-ndk-r23b/toolchains/llvm/prebuilt/linux-x86_64/sysroot/usr/lib/aarch64-linux-android/30/crtend_android.o]
  implicit dirs: [/home/PJLAB/hanrui/workspace/android_demo_develop_ndk23/android-ndk-r23b/toolchains/llvm/prebuilt/linux-x86_64/lib64/clang/12.0.8/lib/linux/aarch64;/home/PJLAB/hanrui/workspace/android_demo_develop_ndk23/android-ndk-r23b/toolchains/llvm/prebuilt/linux-x86_64/lib/gcc/aarch64-linux-android/4.9.x;/home/PJLAB/hanrui/workspace/android_demo_develop_ndk23/android-ndk-r23b/toolchains/llvm/prebuilt/linux-x86_64/sysroot/usr/lib/aarch64-linux-android/30;/home/PJLAB/hanrui/workspace/android_demo_develop_ndk23/android-ndk-r23b/toolchains/llvm/prebuilt/linux-x86_64/sysroot/usr/lib/aarch64-linux-android;/home/PJLAB/hanrui/workspace/android_demo_develop_ndk23/android-ndk-r23b/toolchains/llvm/prebuilt/linux-x86_64/sysroot/usr/lib]
  implicit fwks: []


Detecting CXX compiler ABI info compiled with the following output:
Change Dir: /home/PJLAB/hanrui/AndroidStudioProjects/mmdeploy-X/mmdeployxdetector/app/.cxx/cmake/debug/arm64-v8a/CMakeFiles/CMakeTmp

Run Build Command(s):/usr/local/bin/ninja cmTC_d989f && [1/2] Building CXX object CMakeFiles/cmTC_d989f.dir/CMakeCXXCompilerABI.cpp.o
Android (7714059, based on r416183c1) clang version 12.0.8 (https://android.googlesource.com/toolchain/llvm-project c935d99d7cf2016289302412d708641d52d2f7ee)
Target: aarch64-none-linux-android30
Thread model: posix
InstalledDir: /home/PJLAB/hanrui/workspace/android_demo_develop_ndk23/android-ndk-r23b/toolchains/llvm/prebuilt/linux-x86_64/bin
Found candidate GCC installation: /home/PJLAB/hanrui/workspace/android_demo_develop_ndk23/android-ndk-r23b/toolchains/llvm/prebuilt/linux-x86_64/bin/../lib/gcc/aarch64-linux-android/4.9.x
Selected GCC installation: /home/PJLAB/hanrui/workspace/android_demo_develop_ndk23/android-ndk-r23b/toolchains/llvm/prebuilt/linux-x86_64/bin/../lib/gcc/aarch64-linux-android/4.9.x
Candidate multilib: .;@m64
Selected multilib: .;@m64
 (in-process)
 "/home/PJLAB/hanrui/workspace/android_demo_develop_ndk23/android-ndk-r23b/toolchains/llvm/prebuilt/linux-x86_64/bin/clang++" -cc1 -triple aarch64-none-linux-android30 -emit-obj --mrelax-relocations -mnoexecstack -disable-free -disable-llvm-verifier -discard-value-names -main-file-name CMakeCXXCompilerABI.cpp -mrelocation-model pic -pic-level 2 -pic-is-pie -mframe-pointer=non-leaf -fno-rounding-math -mconstructor-aliases -munwind-tables -target-cpu generic -target-feature +neon -target-abi aapcs -mllvm -aarch64-fix-cortex-a53-835769=1 -fallow-half-arguments-and-returns -fno-split-dwarf-inlining -debug-info-kind=limited -dwarf-version=4 -debugger-tuning=gdb -v -ffunction-sections -fdata-sections -resource-dir /home/PJLAB/hanrui/workspace/android_demo_develop_ndk23/android-ndk-r23b/toolchains/llvm/prebuilt/linux-x86_64/lib64/clang/12.0.8 -dependency-file CMakeFiles/cmTC_d989f.dir/CMakeCXXCompilerABI.cpp.o.d -MT CMakeFiles/cmTC_d989f.dir/CMakeCXXCompilerABI.cpp.o -sys-header-deps -D ANDROID -D _FORTIFY_SOURCE=2 -D NDEBUG -isysroot /home/PJLAB/hanrui/workspace/android_demo_develop_ndk23/android-ndk-r23b/toolchains/llvm/prebuilt/linux-x86_64/sysroot -internal-isystem /home/PJLAB/hanrui/workspace/android_demo_develop_ndk23/android-ndk-r23b/toolchains/llvm/prebuilt/linux-x86_64/sysroot/usr/include/c++/v1 -internal-isystem /home/PJLAB/hanrui/workspace/android_demo_develop_ndk23/android-ndk-r23b/toolchains/llvm/prebuilt/linux-x86_64/sysroot/usr/local/include -internal-isystem /home/PJLAB/hanrui/workspace/android_demo_develop_ndk23/android-ndk-r23b/toolchains/llvm/prebuilt/linux-x86_64/lib64/clang/12.0.8/include -internal-externc-isystem /home/PJLAB/hanrui/workspace/android_demo_develop_ndk23/android-ndk-r23b/toolchains/llvm/prebuilt/linux-x86_64/sysroot/usr/include/aarch64-linux-android -internal-externc-isystem /home/PJLAB/hanrui/workspace/android_demo_develop_ndk23/android-ndk-r23b/toolchains/llvm/prebuilt/linux-x86_64/sysroot/include -internal-externc-isystem /home/PJLAB/hanrui/workspace/android_demo_develop_ndk23/android-ndk-r23b/toolchains/llvm/prebuilt/linux-x86_64/sysroot/usr/include -O2 -Wformat -fdeprecated-macro -fdebug-compilation-dir /home/PJLAB/hanrui/AndroidStudioProjects/mmdeploy-X/mmdeployxdetector/app/.cxx/cmake/debug/arm64-v8a/CMakeFiles/CMakeTmp -ferror-limit 19 -stack-protector 2 -fno-signed-char -fgnuc-version=4.2.1 -fcxx-exceptions -fexceptions -vectorize-loops -vectorize-slp -o CMakeFiles/cmTC_d989f.dir/CMakeCXXCompilerABI.cpp.o -x c++ /usr/local/lib/python3.7/site-packages/cmake/data/share/cmake-3.21/Modules/CMakeCXXCompilerABI.cpp
clang -cc1 version 12.0.8 based upon LLVM 12.0.8git default target x86_64-unknown-linux-gnu
ignoring nonexistent directory "/home/PJLAB/hanrui/workspace/android_demo_develop_ndk23/android-ndk-r23b/toolchains/llvm/prebuilt/linux-x86_64/sysroot/include"
#include "..." search starts here:
#include <...> search starts here:
 /home/PJLAB/hanrui/workspace/android_demo_develop_ndk23/android-ndk-r23b/toolchains/llvm/prebuilt/linux-x86_64/sysroot/usr/include/c++/v1
 /home/PJLAB/hanrui/workspace/android_demo_develop_ndk23/android-ndk-r23b/toolchains/llvm/prebuilt/linux-x86_64/sysroot/usr/local/include
 /home/PJLAB/hanrui/workspace/android_demo_develop_ndk23/android-ndk-r23b/toolchains/llvm/prebuilt/linux-x86_64/lib64/clang/12.0.8/include
 /home/PJLAB/hanrui/workspace/android_demo_develop_ndk23/android-ndk-r23b/toolchains/llvm/prebuilt/linux-x86_64/sysroot/usr/include/aarch64-linux-android
 /home/PJLAB/hanrui/workspace/android_demo_develop_ndk23/android-ndk-r23b/toolchains/llvm/prebuilt/linux-x86_64/sysroot/usr/include
End of search list.
[2/2] Linking CXX executable cmTC_d989f
Android (7714059, based on r416183c1) clang version 12.0.8 (https://android.googlesource.com/toolchain/llvm-project c935d99d7cf2016289302412d708641d52d2f7ee)
Target: aarch64-none-linux-android30
Thread model: posix
InstalledDir: /home/PJLAB/hanrui/workspace/android_demo_develop_ndk23/android-ndk-r23b/toolchains/llvm/prebuilt/linux-x86_64/bin
Found candidate GCC installation: /home/PJLAB/hanrui/workspace/android_demo_develop_ndk23/android-ndk-r23b/toolchains/llvm/prebuilt/linux-x86_64/bin/../lib/gcc/aarch64-linux-android/4.9.x
Selected GCC installation: /home/PJLAB/hanrui/workspace/android_demo_develop_ndk23/android-ndk-r23b/toolchains/llvm/prebuilt/linux-x86_64/bin/../lib/gcc/aarch64-linux-android/4.9.x
Candidate multilib: .;@m64
Selected multilib: .;@m64
 "/home/PJLAB/hanrui/workspace/android_demo_develop_ndk23/android-ndk-r23b/toolchains/llvm/prebuilt/linux-x86_64/bin/ld" --sysroot=/home/PJLAB/hanrui/workspace/android_demo_develop_ndk23/android-ndk-r23b/toolchains/llvm/prebuilt/linux-x86_64/sysroot -pie -z noexecstack -EL --fix-cortex-a53-843419 --warn-shared-textrel -z now -z relro -z max-page-size=4096 --hash-style=gnu --enable-new-dtags --eh-frame-hdr -m aarch64linux -dynamic-linker /system/bin/linker64 -o cmTC_d989f /home/PJLAB/hanrui/workspace/android_demo_develop_ndk23/android-ndk-r23b/toolchains/llvm/prebuilt/linux-x86_64/sysroot/usr/lib/aarch64-linux-android/30/crtbegin_dynamic.o -L/home/PJLAB/hanrui/workspace/android_demo_develop_ndk23/android-ndk-r23b/toolchains/llvm/prebuilt/linux-x86_64/lib64/clang/12.0.8/lib/linux/aarch64 -L/home/PJLAB/hanrui/workspace/android_demo_develop_ndk23/android-ndk-r23b/toolchains/llvm/prebuilt/linux-x86_64/bin/../lib/gcc/aarch64-linux-android/4.9.x -L/home/PJLAB/hanrui/workspace/android_demo_develop_ndk23/android-ndk-r23b/toolchains/llvm/prebuilt/linux-x86_64/sysroot/usr/lib/aarch64-linux-android/30 -L/home/PJLAB/hanrui/workspace/android_demo_develop_ndk23/android-ndk-r23b/toolchains/llvm/prebuilt/linux-x86_64/sysroot/usr/lib/aarch64-linux-android -L/home/PJLAB/hanrui/workspace/android_demo_develop_ndk23/android-ndk-r23b/toolchains/llvm/prebuilt/linux-x86_64/sysroot/usr/lib --build-id=sha1 --fatal-warnings --no-undefined --gc-sections CMakeFiles/cmTC_d989f.dir/CMakeCXXCompilerABI.cpp.o -latomic -lm -Bstatic -lc++ -Bdynamic -lm /home/PJLAB/hanrui/workspace/android_demo_develop_ndk23/android-ndk-r23b/toolchains/llvm/prebuilt/linux-x86_64/lib64/clang/12.0.8/lib/linux/libclang_rt.builtins-aarch64-android.a -l:libunwind.a -ldl -lc /home/PJLAB/hanrui/workspace/android_demo_develop_ndk23/android-ndk-r23b/toolchains/llvm/prebuilt/linux-x86_64/lib64/clang/12.0.8/lib/linux/libclang_rt.builtins-aarch64-android.a -l:libunwind.a -ldl /home/PJLAB/hanrui/workspace/android_demo_develop_ndk23/android-ndk-r23b/toolchains/llvm/prebuilt/linux-x86_64/sysroot/usr/lib/aarch64-linux-android/30/crtend_android.o



Parsed CXX implicit include dir info from above output: rv=done
  found start of include info
  found start of implicit include info
    add: [/home/PJLAB/hanrui/workspace/android_demo_develop_ndk23/android-ndk-r23b/toolchains/llvm/prebuilt/linux-x86_64/sysroot/usr/include/c++/v1]
    add: [/home/PJLAB/hanrui/workspace/android_demo_develop_ndk23/android-ndk-r23b/toolchains/llvm/prebuilt/linux-x86_64/sysroot/usr/local/include]
    add: [/home/PJLAB/hanrui/workspace/android_demo_develop_ndk23/android-ndk-r23b/toolchains/llvm/prebuilt/linux-x86_64/lib64/clang/12.0.8/include]
    add: [/home/PJLAB/hanrui/workspace/android_demo_develop_ndk23/android-ndk-r23b/toolchains/llvm/prebuilt/linux-x86_64/sysroot/usr/include/aarch64-linux-android]
    add: [/home/PJLAB/hanrui/workspace/android_demo_develop_ndk23/android-ndk-r23b/toolchains/llvm/prebuilt/linux-x86_64/sysroot/usr/include]
  end of search list found
  collapse include dir [/home/PJLAB/hanrui/workspace/android_demo_develop_ndk23/android-ndk-r23b/toolchains/llvm/prebuilt/linux-x86_64/sysroot/usr/include/c++/v1] ==> [/home/PJLAB/hanrui/workspace/android_demo_develop_ndk23/android-ndk-r23b/toolchains/llvm/prebuilt/linux-x86_64/sysroot/usr/include/c++/v1]
  collapse include dir [/home/PJLAB/hanrui/workspace/android_demo_develop_ndk23/android-ndk-r23b/toolchains/llvm/prebuilt/linux-x86_64/sysroot/usr/local/include] ==> [/home/PJLAB/hanrui/workspace/android_demo_develop_ndk23/android-ndk-r23b/toolchains/llvm/prebuilt/linux-x86_64/sysroot/usr/local/include]
  collapse include dir [/home/PJLAB/hanrui/workspace/android_demo_develop_ndk23/android-ndk-r23b/toolchains/llvm/prebuilt/linux-x86_64/lib64/clang/12.0.8/include] ==> [/home/PJLAB/hanrui/workspace/android_demo_develop_ndk23/android-ndk-r23b/toolchains/llvm/prebuilt/linux-x86_64/lib64/clang/12.0.8/include]
  collapse include dir [/home/PJLAB/hanrui/workspace/android_demo_develop_ndk23/android-ndk-r23b/toolchains/llvm/prebuilt/linux-x86_64/sysroot/usr/include/aarch64-linux-android] ==> [/home/PJLAB/hanrui/workspace/android_demo_develop_ndk23/android-ndk-r23b/toolchains/llvm/prebuilt/linux-x86_64/sysroot/usr/include/aarch64-linux-android]
  collapse include dir [/home/PJLAB/hanrui/workspace/android_demo_develop_ndk23/android-ndk-r23b/toolchains/llvm/prebuilt/linux-x86_64/sysroot/usr/include] ==> [/home/PJLAB/hanrui/workspace/android_demo_develop_ndk23/android-ndk-r23b/toolchains/llvm/prebuilt/linux-x86_64/sysroot/usr/include]
  implicit include dirs: [/home/PJLAB/hanrui/workspace/android_demo_develop_ndk23/android-ndk-r23b/toolchains/llvm/prebuilt/linux-x86_64/sysroot/usr/include/c++/v1;/home/PJLAB/hanrui/workspace/android_demo_develop_ndk23/android-ndk-r23b/toolchains/llvm/prebuilt/linux-x86_64/sysroot/usr/local/include;/home/PJLAB/hanrui/workspace/android_demo_develop_ndk23/android-ndk-r23b/toolchains/llvm/prebuilt/linux-x86_64/lib64/clang/12.0.8/include;/home/PJLAB/hanrui/workspace/android_demo_develop_ndk23/android-ndk-r23b/toolchains/llvm/prebuilt/linux-x86_64/sysroot/usr/include/aarch64-linux-android;/home/PJLAB/hanrui/workspace/android_demo_develop_ndk23/android-ndk-r23b/toolchains/llvm/prebuilt/linux-x86_64/sysroot/usr/include]


Parsed CXX implicit link information from above output:
  link line regex: [^( *|.*[/\])(ld\.lld|CMAKE_LINK_STARTFILE-NOTFOUND|([^/\]+-)?ld|collect2)[^/\]*( |$)]
  ignore line: [Change Dir: /home/PJLAB/hanrui/AndroidStudioProjects/mmdeploy-X/mmdeployxdetector/app/.cxx/cmake/debug/arm64-v8a/CMakeFiles/CMakeTmp]
  ignore line: []
  ignore line: [Run Build Command(s):/usr/local/bin/ninja cmTC_d989f && [1/2] Building CXX object CMakeFiles/cmTC_d989f.dir/CMakeCXXCompilerABI.cpp.o]
  ignore line: [Android (7714059  based on r416183c1) clang version 12.0.8 (https://android.googlesource.com/toolchain/llvm-project c935d99d7cf2016289302412d708641d52d2f7ee)]
  ignore line: [Target: aarch64-none-linux-android30]
  ignore line: [Thread model: posix]
  ignore line: [InstalledDir: /home/PJLAB/hanrui/workspace/android_demo_develop_ndk23/android-ndk-r23b/toolchains/llvm/prebuilt/linux-x86_64/bin]
  ignore line: [Found candidate GCC installation: /home/PJLAB/hanrui/workspace/android_demo_develop_ndk23/android-ndk-r23b/toolchains/llvm/prebuilt/linux-x86_64/bin/../lib/gcc/aarch64-linux-android/4.9.x]
  ignore line: [Selected GCC installation: /home/PJLAB/hanrui/workspace/android_demo_develop_ndk23/android-ndk-r23b/toolchains/llvm/prebuilt/linux-x86_64/bin/../lib/gcc/aarch64-linux-android/4.9.x]
  ignore line: [Candidate multilib: .]
  ignore line: [@m64]
  ignore line: [Selected multilib: .]
  ignore line: [@m64]
  ignore line: [ (in-process)]
  ignore line: [ "/home/PJLAB/hanrui/workspace/android_demo_develop_ndk23/android-ndk-r23b/toolchains/llvm/prebuilt/linux-x86_64/bin/clang++" -cc1 -triple aarch64-none-linux-android30 -emit-obj --mrelax-relocations -mnoexecstack -disable-free -disable-llvm-verifier -discard-value-names -main-file-name CMakeCXXCompilerABI.cpp -mrelocation-model pic -pic-level 2 -pic-is-pie -mframe-pointer=non-leaf -fno-rounding-math -mconstructor-aliases -munwind-tables -target-cpu generic -target-feature +neon -target-abi aapcs -mllvm -aarch64-fix-cortex-a53-835769=1 -fallow-half-arguments-and-returns -fno-split-dwarf-inlining -debug-info-kind=limited -dwarf-version=4 -debugger-tuning=gdb -v -ffunction-sections -fdata-sections -resource-dir /home/PJLAB/hanrui/workspace/android_demo_develop_ndk23/android-ndk-r23b/toolchains/llvm/prebuilt/linux-x86_64/lib64/clang/12.0.8 -dependency-file CMakeFiles/cmTC_d989f.dir/CMakeCXXCompilerABI.cpp.o.d -MT CMakeFiles/cmTC_d989f.dir/CMakeCXXCompilerABI.cpp.o -sys-header-deps -D ANDROID -D _FORTIFY_SOURCE=2 -D NDEBUG -isysroot /home/PJLAB/hanrui/workspace/android_demo_develop_ndk23/android-ndk-r23b/toolchains/llvm/prebuilt/linux-x86_64/sysroot -internal-isystem /home/PJLAB/hanrui/workspace/android_demo_develop_ndk23/android-ndk-r23b/toolchains/llvm/prebuilt/linux-x86_64/sysroot/usr/include/c++/v1 -internal-isystem /home/PJLAB/hanrui/workspace/android_demo_develop_ndk23/android-ndk-r23b/toolchains/llvm/prebuilt/linux-x86_64/sysroot/usr/local/include -internal-isystem /home/PJLAB/hanrui/workspace/android_demo_develop_ndk23/android-ndk-r23b/toolchains/llvm/prebuilt/linux-x86_64/lib64/clang/12.0.8/include -internal-externc-isystem /home/PJLAB/hanrui/workspace/android_demo_develop_ndk23/android-ndk-r23b/toolchains/llvm/prebuilt/linux-x86_64/sysroot/usr/include/aarch64-linux-android -internal-externc-isystem /home/PJLAB/hanrui/workspace/android_demo_develop_ndk23/android-ndk-r23b/toolchains/llvm/prebuilt/linux-x86_64/sysroot/include -internal-externc-isystem /home/PJLAB/hanrui/workspace/android_demo_develop_ndk23/android-ndk-r23b/toolchains/llvm/prebuilt/linux-x86_64/sysroot/usr/include -O2 -Wformat -fdeprecated-macro -fdebug-compilation-dir /home/PJLAB/hanrui/AndroidStudioProjects/mmdeploy-X/mmdeployxdetector/app/.cxx/cmake/debug/arm64-v8a/CMakeFiles/CMakeTmp -ferror-limit 19 -stack-protector 2 -fno-signed-char -fgnuc-version=4.2.1 -fcxx-exceptions -fexceptions -vectorize-loops -vectorize-slp -o CMakeFiles/cmTC_d989f.dir/CMakeCXXCompilerABI.cpp.o -x c++ /usr/local/lib/python3.7/site-packages/cmake/data/share/cmake-3.21/Modules/CMakeCXXCompilerABI.cpp]
  ignore line: [clang -cc1 version 12.0.8 based upon LLVM 12.0.8git default target x86_64-unknown-linux-gnu]
  ignore line: [ignoring nonexistent directory "/home/PJLAB/hanrui/workspace/android_demo_develop_ndk23/android-ndk-r23b/toolchains/llvm/prebuilt/linux-x86_64/sysroot/include"]
  ignore line: [#include "..." search starts here:]
  ignore line: [#include <...> search starts here:]
  ignore line: [ /home/PJLAB/hanrui/workspace/android_demo_develop_ndk23/android-ndk-r23b/toolchains/llvm/prebuilt/linux-x86_64/sysroot/usr/include/c++/v1]
  ignore line: [ /home/PJLAB/hanrui/workspace/android_demo_develop_ndk23/android-ndk-r23b/toolchains/llvm/prebuilt/linux-x86_64/sysroot/usr/local/include]
  ignore line: [ /home/PJLAB/hanrui/workspace/android_demo_develop_ndk23/android-ndk-r23b/toolchains/llvm/prebuilt/linux-x86_64/lib64/clang/12.0.8/include]
  ignore line: [ /home/PJLAB/hanrui/workspace/android_demo_develop_ndk23/android-ndk-r23b/toolchains/llvm/prebuilt/linux-x86_64/sysroot/usr/include/aarch64-linux-android]
  ignore line: [ /home/PJLAB/hanrui/workspace/android_demo_develop_ndk23/android-ndk-r23b/toolchains/llvm/prebuilt/linux-x86_64/sysroot/usr/include]
  ignore line: [End of search list.]
  ignore line: [[2/2] Linking CXX executable cmTC_d989f]
  ignore line: [Android (7714059  based on r416183c1) clang version 12.0.8 (https://android.googlesource.com/toolchain/llvm-project c935d99d7cf2016289302412d708641d52d2f7ee)]
  ignore line: [Target: aarch64-none-linux-android30]
  ignore line: [Thread model: posix]
  ignore line: [InstalledDir: /home/PJLAB/hanrui/workspace/android_demo_develop_ndk23/android-ndk-r23b/toolchains/llvm/prebuilt/linux-x86_64/bin]
  ignore line: [Found candidate GCC installation: /home/PJLAB/hanrui/workspace/android_demo_develop_ndk23/android-ndk-r23b/toolchains/llvm/prebuilt/linux-x86_64/bin/../lib/gcc/aarch64-linux-android/4.9.x]
  ignore line: [Selected GCC installation: /home/PJLAB/hanrui/workspace/android_demo_develop_ndk23/android-ndk-r23b/toolchains/llvm/prebuilt/linux-x86_64/bin/../lib/gcc/aarch64-linux-android/4.9.x]
  ignore line: [Candidate multilib: .]
  ignore line: [@m64]
  ignore line: [Selected multilib: .]
  ignore line: [@m64]
  link line: [ "/home/PJLAB/hanrui/workspace/android_demo_develop_ndk23/android-ndk-r23b/toolchains/llvm/prebuilt/linux-x86_64/bin/ld" --sysroot=/home/PJLAB/hanrui/workspace/android_demo_develop_ndk23/android-ndk-r23b/toolchains/llvm/prebuilt/linux-x86_64/sysroot -pie -z noexecstack -EL --fix-cortex-a53-843419 --warn-shared-textrel -z now -z relro -z max-page-size=4096 --hash-style=gnu --enable-new-dtags --eh-frame-hdr -m aarch64linux -dynamic-linker /system/bin/linker64 -o cmTC_d989f /home/PJLAB/hanrui/workspace/android_demo_develop_ndk23/android-ndk-r23b/toolchains/llvm/prebuilt/linux-x86_64/sysroot/usr/lib/aarch64-linux-android/30/crtbegin_dynamic.o -L/home/PJLAB/hanrui/workspace/android_demo_develop_ndk23/android-ndk-r23b/toolchains/llvm/prebuilt/linux-x86_64/lib64/clang/12.0.8/lib/linux/aarch64 -L/home/PJLAB/hanrui/workspace/android_demo_develop_ndk23/android-ndk-r23b/toolchains/llvm/prebuilt/linux-x86_64/bin/../lib/gcc/aarch64-linux-android/4.9.x -L/home/PJLAB/hanrui/workspace/android_demo_develop_ndk23/android-ndk-r23b/toolchains/llvm/prebuilt/linux-x86_64/sysroot/usr/lib/aarch64-linux-android/30 -L/home/PJLAB/hanrui/workspace/android_demo_develop_ndk23/android-ndk-r23b/toolchains/llvm/prebuilt/linux-x86_64/sysroot/usr/lib/aarch64-linux-android -L/home/PJLAB/hanrui/workspace/android_demo_develop_ndk23/android-ndk-r23b/toolchains/llvm/prebuilt/linux-x86_64/sysroot/usr/lib --build-id=sha1 --fatal-warnings --no-undefined --gc-sections CMakeFiles/cmTC_d989f.dir/CMakeCXXCompilerABI.cpp.o -latomic -lm -Bstatic -lc++ -Bdynamic -lm /home/PJLAB/hanrui/workspace/android_demo_develop_ndk23/android-ndk-r23b/toolchains/llvm/prebuilt/linux-x86_64/lib64/clang/12.0.8/lib/linux/libclang_rt.builtins-aarch64-android.a -l:libunwind.a -ldl -lc /home/PJLAB/hanrui/workspace/android_demo_develop_ndk23/android-ndk-r23b/toolchains/llvm/prebuilt/linux-x86_64/lib64/clang/12.0.8/lib/linux/libclang_rt.builtins-aarch64-android.a -l:libunwind.a -ldl /home/PJLAB/hanrui/workspace/android_demo_develop_ndk23/android-ndk-r23b/toolchains/llvm/prebuilt/linux-x86_64/sysroot/usr/lib/aarch64-linux-android/30/crtend_android.o]
    arg [/home/PJLAB/hanrui/workspace/android_demo_develop_ndk23/android-ndk-r23b/toolchains/llvm/prebuilt/linux-x86_64/bin/ld] ==> ignore
    arg [--sysroot=/home/PJLAB/hanrui/workspace/android_demo_develop_ndk23/android-ndk-r23b/toolchains/llvm/prebuilt/linux-x86_64/sysroot] ==> ignore
    arg [-pie] ==> ignore
    arg [-znoexecstack] ==> ignore
    arg [-EL] ==> ignore
    arg [--fix-cortex-a53-843419] ==> ignore
    arg [--warn-shared-textrel] ==> ignore
    arg [-znow] ==> ignore
    arg [-zrelro] ==> ignore
    arg [-zmax-page-size=4096] ==> ignore
    arg [--hash-style=gnu] ==> ignore
    arg [--enable-new-dtags] ==> ignore
    arg [--eh-frame-hdr] ==> ignore
    arg [-m] ==> ignore
    arg [aarch64linux] ==> ignore
    arg [-dynamic-linker] ==> ignore
    arg [/system/bin/linker64] ==> ignore
    arg [-o] ==> ignore
    arg [cmTC_d989f] ==> ignore
    arg [/home/PJLAB/hanrui/workspace/android_demo_develop_ndk23/android-ndk-r23b/toolchains/llvm/prebuilt/linux-x86_64/sysroot/usr/lib/aarch64-linux-android/30/crtbegin_dynamic.o] ==> obj [/home/PJLAB/hanrui/workspace/android_demo_develop_ndk23/android-ndk-r23b/toolchains/llvm/prebuilt/linux-x86_64/sysroot/usr/lib/aarch64-linux-android/30/crtbegin_dynamic.o]
    arg [-L/home/PJLAB/hanrui/workspace/android_demo_develop_ndk23/android-ndk-r23b/toolchains/llvm/prebuilt/linux-x86_64/lib64/clang/12.0.8/lib/linux/aarch64] ==> dir [/home/PJLAB/hanrui/workspace/android_demo_develop_ndk23/android-ndk-r23b/toolchains/llvm/prebuilt/linux-x86_64/lib64/clang/12.0.8/lib/linux/aarch64]
    arg [-L/home/PJLAB/hanrui/workspace/android_demo_develop_ndk23/android-ndk-r23b/toolchains/llvm/prebuilt/linux-x86_64/bin/../lib/gcc/aarch64-linux-android/4.9.x] ==> dir [/home/PJLAB/hanrui/workspace/android_demo_develop_ndk23/android-ndk-r23b/toolchains/llvm/prebuilt/linux-x86_64/bin/../lib/gcc/aarch64-linux-android/4.9.x]
    arg [-L/home/PJLAB/hanrui/workspace/android_demo_develop_ndk23/android-ndk-r23b/toolchains/llvm/prebuilt/linux-x86_64/sysroot/usr/lib/aarch64-linux-android/30] ==> dir [/home/PJLAB/hanrui/workspace/android_demo_develop_ndk23/android-ndk-r23b/toolchains/llvm/prebuilt/linux-x86_64/sysroot/usr/lib/aarch64-linux-android/30]
    arg [-L/home/PJLAB/hanrui/workspace/android_demo_develop_ndk23/android-ndk-r23b/toolchains/llvm/prebuilt/linux-x86_64/sysroot/usr/lib/aarch64-linux-android] ==> dir [/home/PJLAB/hanrui/workspace/android_demo_develop_ndk23/android-ndk-r23b/toolchains/llvm/prebuilt/linux-x86_64/sysroot/usr/lib/aarch64-linux-android]
    arg [-L/home/PJLAB/hanrui/workspace/android_demo_develop_ndk23/android-ndk-r23b/toolchains/llvm/prebuilt/linux-x86_64/sysroot/usr/lib] ==> dir [/home/PJLAB/hanrui/workspace/android_demo_develop_ndk23/android-ndk-r23b/toolchains/llvm/prebuilt/linux-x86_64/sysroot/usr/lib]
    arg [--build-id=sha1] ==> ignore
    arg [--fatal-warnings] ==> ignore
    arg [--no-undefined] ==> ignore
    arg [--gc-sections] ==> ignore
    arg [CMakeFiles/cmTC_d989f.dir/CMakeCXXCompilerABI.cpp.o] ==> ignore
    arg [-latomic] ==> lib [atomic]
    arg [-lm] ==> lib [m]
    arg [-Bstatic] ==> search static
    arg [-lc++] ==> lib [c++]
    arg [-Bdynamic] ==> search dynamic
    arg [-lm] ==> lib [m]
    arg [/home/PJLAB/hanrui/workspace/android_demo_develop_ndk23/android-ndk-r23b/toolchains/llvm/prebuilt/linux-x86_64/lib64/clang/12.0.8/lib/linux/libclang_rt.builtins-aarch64-android.a] ==> lib [/home/PJLAB/hanrui/workspace/android_demo_develop_ndk23/android-ndk-r23b/toolchains/llvm/prebuilt/linux-x86_64/lib64/clang/12.0.8/lib/linux/libclang_rt.builtins-aarch64-android.a]
    arg [-l:libunwind.a] ==> lib [-l:libunwind.a]
    arg [-ldl] ==> lib [dl]
    arg [-lc] ==> lib [c]
    arg [/home/PJLAB/hanrui/workspace/android_demo_develop_ndk23/android-ndk-r23b/toolchains/llvm/prebuilt/linux-x86_64/lib64/clang/12.0.8/lib/linux/libclang_rt.builtins-aarch64-android.a] ==> lib [/home/PJLAB/hanrui/workspace/android_demo_develop_ndk23/android-ndk-r23b/toolchains/llvm/prebuilt/linux-x86_64/lib64/clang/12.0.8/lib/linux/libclang_rt.builtins-aarch64-android.a]
    arg [-l:libunwind.a] ==> lib [-l:libunwind.a]
    arg [-ldl] ==> lib [dl]
    arg [/home/PJLAB/hanrui/workspace/android_demo_develop_ndk23/android-ndk-r23b/toolchains/llvm/prebuilt/linux-x86_64/sysroot/usr/lib/aarch64-linux-android/30/crtend_android.o] ==> obj [/home/PJLAB/hanrui/workspace/android_demo_develop_ndk23/android-ndk-r23b/toolchains/llvm/prebuilt/linux-x86_64/sysroot/usr/lib/aarch64-linux-android/30/crtend_android.o]
  remove lib [/home/PJLAB/hanrui/workspace/android_demo_develop_ndk23/android-ndk-r23b/toolchains/llvm/prebuilt/linux-x86_64/lib64/clang/12.0.8/lib/linux/libclang_rt.builtins-aarch64-android.a]
  remove lib [/home/PJLAB/hanrui/workspace/android_demo_develop_ndk23/android-ndk-r23b/toolchains/llvm/prebuilt/linux-x86_64/lib64/clang/12.0.8/lib/linux/libclang_rt.builtins-aarch64-android.a]
  collapse library dir [/home/PJLAB/hanrui/workspace/android_demo_develop_ndk23/android-ndk-r23b/toolchains/llvm/prebuilt/linux-x86_64/lib64/clang/12.0.8/lib/linux/aarch64] ==> [/home/PJLAB/hanrui/workspace/android_demo_develop_ndk23/android-ndk-r23b/toolchains/llvm/prebuilt/linux-x86_64/lib64/clang/12.0.8/lib/linux/aarch64]
  collapse library dir [/home/PJLAB/hanrui/workspace/android_demo_develop_ndk23/android-ndk-r23b/toolchains/llvm/prebuilt/linux-x86_64/bin/../lib/gcc/aarch64-linux-android/4.9.x] ==> [/home/PJLAB/hanrui/workspace/android_demo_develop_ndk23/android-ndk-r23b/toolchains/llvm/prebuilt/linux-x86_64/lib/gcc/aarch64-linux-android/4.9.x]
  collapse library dir [/home/PJLAB/hanrui/workspace/android_demo_develop_ndk23/android-ndk-r23b/toolchains/llvm/prebuilt/linux-x86_64/sysroot/usr/lib/aarch64-linux-android/30] ==> [/home/PJLAB/hanrui/workspace/android_demo_develop_ndk23/android-ndk-r23b/toolchains/llvm/prebuilt/linux-x86_64/sysroot/usr/lib/aarch64-linux-android/30]
  collapse library dir [/home/PJLAB/hanrui/workspace/android_demo_develop_ndk23/android-ndk-r23b/toolchains/llvm/prebuilt/linux-x86_64/sysroot/usr/lib/aarch64-linux-android] ==> [/home/PJLAB/hanrui/workspace/android_demo_develop_ndk23/android-ndk-r23b/toolchains/llvm/prebuilt/linux-x86_64/sysroot/usr/lib/aarch64-linux-android]
  collapse library dir [/home/PJLAB/hanrui/workspace/android_demo_develop_ndk23/android-ndk-r23b/toolchains/llvm/prebuilt/linux-x86_64/sysroot/usr/lib] ==> [/home/PJLAB/hanrui/workspace/android_demo_develop_ndk23/android-ndk-r23b/toolchains/llvm/prebuilt/linux-x86_64/sysroot/usr/lib]
  implicit libs: [atomic;m;c++;m;-l:libunwind.a;dl;c;-l:libunwind.a;dl]
  implicit objs: [/home/PJLAB/hanrui/workspace/android_demo_develop_ndk23/android-ndk-r23b/toolchains/llvm/prebuilt/linux-x86_64/sysroot/usr/lib/aarch64-linux-android/30/crtbegin_dynamic.o;/home/PJLAB/hanrui/workspace/android_demo_develop_ndk23/android-ndk-r23b/toolchains/llvm/prebuilt/linux-x86_64/sysroot/usr/lib/aarch64-linux-android/30/crtend_android.o]
  implicit dirs: [/home/PJLAB/hanrui/workspace/android_demo_develop_ndk23/android-ndk-r23b/toolchains/llvm/prebuilt/linux-x86_64/lib64/clang/12.0.8/lib/linux/aarch64;/home/PJLAB/hanrui/workspace/android_demo_develop_ndk23/android-ndk-r23b/toolchains/llvm/prebuilt/linux-x86_64/lib/gcc/aarch64-linux-android/4.9.x;/home/PJLAB/hanrui/workspace/android_demo_develop_ndk23/android-ndk-r23b/toolchains/llvm/prebuilt/linux-x86_64/sysroot/usr/lib/aarch64-linux-android/30;/home/PJLAB/hanrui/workspace/android_demo_develop_ndk23/android-ndk-r23b/toolchains/llvm/prebuilt/linux-x86_64/sysroot/usr/lib/aarch64-linux-android;/home/PJLAB/hanrui/workspace/android_demo_develop_ndk23/android-ndk-r23b/toolchains/llvm/prebuilt/linux-x86_64/sysroot/usr/lib]
  implicit fwks: []


Detecting C OpenMP compiler ABI info compiled with the following output:
Change Dir: /home/PJLAB/hanrui/AndroidStudioProjects/mmdeploy-X/mmdeployxdetector/app/.cxx/cmake/debug/arm64-v8a/CMakeFiles/CMakeTmp

Run Build Command(s):/usr/local/bin/ninja cmTC_7728d && [1/2] Building C object CMakeFiles/cmTC_7728d.dir/OpenMPTryFlag.c.o
Android (7714059, based on r416183c1) clang version 12.0.8 (https://android.googlesource.com/toolchain/llvm-project c935d99d7cf2016289302412d708641d52d2f7ee)
Target: aarch64-none-linux-android30
Thread model: posix
InstalledDir: /home/PJLAB/hanrui/workspace/android_demo_develop_ndk23/android-ndk-r23b/toolchains/llvm/prebuilt/linux-x86_64/bin
Found candidate GCC installation: /home/PJLAB/hanrui/workspace/android_demo_develop_ndk23/android-ndk-r23b/toolchains/llvm/prebuilt/linux-x86_64/bin/../lib/gcc/aarch64-linux-android/4.9.x
Selected GCC installation: /home/PJLAB/hanrui/workspace/android_demo_develop_ndk23/android-ndk-r23b/toolchains/llvm/prebuilt/linux-x86_64/bin/../lib/gcc/aarch64-linux-android/4.9.x
Candidate multilib: .;@m64
Selected multilib: .;@m64
 (in-process)
 "/home/PJLAB/hanrui/workspace/android_demo_develop_ndk23/android-ndk-r23b/toolchains/llvm/prebuilt/linux-x86_64/bin/clang" -cc1 -triple aarch64-none-linux-android30 -emit-obj --mrelax-relocations -mnoexecstack -disable-free -disable-llvm-verifier -discard-value-names -main-file-name OpenMPTryFlag.c -mrelocation-model pic -pic-level 2 -pic-is-pie -mframe-pointer=non-leaf -fno-rounding-math -mconstructor-aliases -munwind-tables -target-cpu generic -target-feature +neon -target-abi aapcs -mllvm -aarch64-fix-cortex-a53-835769=1 -fallow-half-arguments-and-returns -fno-split-dwarf-inlining -debug-info-kind=limited -dwarf-version=4 -debugger-tuning=gdb -v -ffunction-sections -fdata-sections -resource-dir /home/PJLAB/hanrui/workspace/android_demo_develop_ndk23/android-ndk-r23b/toolchains/llvm/prebuilt/linux-x86_64/lib64/clang/12.0.8 -dependency-file CMakeFiles/cmTC_7728d.dir/OpenMPTryFlag.c.o.d -MT CMakeFiles/cmTC_7728d.dir/OpenMPTryFlag.c.o -sys-header-deps -D ANDROID -D _FORTIFY_SOURCE=2 -D NDEBUG -isysroot /home/PJLAB/hanrui/workspace/android_demo_develop_ndk23/android-ndk-r23b/toolchains/llvm/prebuilt/linux-x86_64/sysroot -internal-isystem /home/PJLAB/hanrui/workspace/android_demo_develop_ndk23/android-ndk-r23b/toolchains/llvm/prebuilt/linux-x86_64/sysroot/usr/local/include -internal-isystem /home/PJLAB/hanrui/workspace/android_demo_develop_ndk23/android-ndk-r23b/toolchains/llvm/prebuilt/linux-x86_64/lib64/clang/12.0.8/include -internal-externc-isystem /home/PJLAB/hanrui/workspace/android_demo_develop_ndk23/android-ndk-r23b/toolchains/llvm/prebuilt/linux-x86_64/sysroot/usr/include/aarch64-linux-android -internal-externc-isystem /home/PJLAB/hanrui/workspace/android_demo_develop_ndk23/android-ndk-r23b/toolchains/llvm/prebuilt/linux-x86_64/sysroot/include -internal-externc-isystem /home/PJLAB/hanrui/workspace/android_demo_develop_ndk23/android-ndk-r23b/toolchains/llvm/prebuilt/linux-x86_64/sysroot/usr/include -O2 -Wformat -Werror=format-security -fdebug-compilation-dir /home/PJLAB/hanrui/AndroidStudioProjects/mmdeploy-X/mmdeployxdetector/app/.cxx/cmake/debug/arm64-v8a/CMakeFiles/CMakeTmp -ferror-limit 19 -fopenmp -fopenmp-cuda-parallel-target-regions -stack-protector 2 -fno-signed-char -fgnuc-version=4.2.1 -fexceptions -vectorize-loops -vectorize-slp -o CMakeFiles/cmTC_7728d.dir/OpenMPTryFlag.c.o -x c /home/PJLAB/hanrui/AndroidStudioProjects/mmdeploy-X/mmdeployxdetector/app/.cxx/cmake/debug/arm64-v8a/CMakeFiles/FindOpenMP/OpenMPTryFlag.c
clang -cc1 version 12.0.8 based upon LLVM 12.0.8git default target x86_64-unknown-linux-gnu
ignoring nonexistent directory "/home/PJLAB/hanrui/workspace/android_demo_develop_ndk23/android-ndk-r23b/toolchains/llvm/prebuilt/linux-x86_64/sysroot/include"
#include "..." search starts here:
#include <...> search starts here:
 /home/PJLAB/hanrui/workspace/android_demo_develop_ndk23/android-ndk-r23b/toolchains/llvm/prebuilt/linux-x86_64/sysroot/usr/local/include
 /home/PJLAB/hanrui/workspace/android_demo_develop_ndk23/android-ndk-r23b/toolchains/llvm/prebuilt/linux-x86_64/lib64/clang/12.0.8/include
 /home/PJLAB/hanrui/workspace/android_demo_develop_ndk23/android-ndk-r23b/toolchains/llvm/prebuilt/linux-x86_64/sysroot/usr/include/aarch64-linux-android
 /home/PJLAB/hanrui/workspace/android_demo_develop_ndk23/android-ndk-r23b/toolchains/llvm/prebuilt/linux-x86_64/sysroot/usr/include
End of search list.
[2/2] Linking C executable cmTC_7728d
Android (7714059, based on r416183c1) clang version 12.0.8 (https://android.googlesource.com/toolchain/llvm-project c935d99d7cf2016289302412d708641d52d2f7ee)
Target: aarch64-none-linux-android30
Thread model: posix
InstalledDir: /home/PJLAB/hanrui/workspace/android_demo_develop_ndk23/android-ndk-r23b/toolchains/llvm/prebuilt/linux-x86_64/bin
Found candidate GCC installation: /home/PJLAB/hanrui/workspace/android_demo_develop_ndk23/android-ndk-r23b/toolchains/llvm/prebuilt/linux-x86_64/bin/../lib/gcc/aarch64-linux-android/4.9.x
Selected GCC installation: /home/PJLAB/hanrui/workspace/android_demo_develop_ndk23/android-ndk-r23b/toolchains/llvm/prebuilt/linux-x86_64/bin/../lib/gcc/aarch64-linux-android/4.9.x
Candidate multilib: .;@m64
Selected multilib: .;@m64
 "/home/PJLAB/hanrui/workspace/android_demo_develop_ndk23/android-ndk-r23b/toolchains/llvm/prebuilt/linux-x86_64/bin/ld" --sysroot=/home/PJLAB/hanrui/workspace/android_demo_develop_ndk23/android-ndk-r23b/toolchains/llvm/prebuilt/linux-x86_64/sysroot -pie -z noexecstack -EL --fix-cortex-a53-843419 --warn-shared-textrel -z now -z relro -z max-page-size=4096 --hash-style=gnu --enable-new-dtags --eh-frame-hdr -m aarch64linux -dynamic-linker /system/bin/linker64 -o cmTC_7728d /home/PJLAB/hanrui/workspace/android_demo_develop_ndk23/android-ndk-r23b/toolchains/llvm/prebuilt/linux-x86_64/sysroot/usr/lib/aarch64-linux-android/30/crtbegin_dynamic.o -L/home/PJLAB/hanrui/workspace/android_demo_develop_ndk23/android-ndk-r23b/toolchains/llvm/prebuilt/linux-x86_64/lib64/clang/12.0.8/lib/linux/aarch64 -L/home/PJLAB/hanrui/workspace/android_demo_develop_ndk23/android-ndk-r23b/toolchains/llvm/prebuilt/linux-x86_64/bin/../lib/gcc/aarch64-linux-android/4.9.x -L/home/PJLAB/hanrui/workspace/android_demo_develop_ndk23/android-ndk-r23b/toolchains/llvm/prebuilt/linux-x86_64/sysroot/usr/lib/aarch64-linux-android/30 -L/home/PJLAB/hanrui/workspace/android_demo_develop_ndk23/android-ndk-r23b/toolchains/llvm/prebuilt/linux-x86_64/sysroot/usr/lib/aarch64-linux-android -L/home/PJLAB/hanrui/workspace/android_demo_develop_ndk23/android-ndk-r23b/toolchains/llvm/prebuilt/linux-x86_64/sysroot/usr/lib --build-id=sha1 --fatal-warnings --no-undefined --gc-sections CMakeFiles/cmTC_7728d.dir/OpenMPTryFlag.c.o -latomic -lm -lomp /home/PJLAB/hanrui/workspace/android_demo_develop_ndk23/android-ndk-r23b/toolchains/llvm/prebuilt/linux-x86_64/lib64/clang/12.0.8/lib/linux/libclang_rt.builtins-aarch64-android.a -l:libunwind.a -ldl -lc /home/PJLAB/hanrui/workspace/android_demo_develop_ndk23/android-ndk-r23b/toolchains/llvm/prebuilt/linux-x86_64/lib64/clang/12.0.8/lib/linux/libclang_rt.builtins-aarch64-android.a -l:libunwind.a -ldl /home/PJLAB/hanrui/workspace/android_demo_develop_ndk23/android-ndk-r23b/toolchains/llvm/prebuilt/linux-x86_64/sysroot/usr/lib/aarch64-linux-android/30/crtend_android.o



Parsed C OpenMP implicit link information from above output:
  link line regex: [^( *|.*[/\])(ld\.lld|CMAKE_LINK_STARTFILE-NOTFOUND|([^/\]+-)?ld|collect2)[^/\]*( |$)]
  ignore line: [Change Dir: /home/PJLAB/hanrui/AndroidStudioProjects/mmdeploy-X/mmdeployxdetector/app/.cxx/cmake/debug/arm64-v8a/CMakeFiles/CMakeTmp]
  ignore line: []
  ignore line: [Run Build Command(s):/usr/local/bin/ninja cmTC_7728d && [1/2] Building C object CMakeFiles/cmTC_7728d.dir/OpenMPTryFlag.c.o]
  ignore line: [Android (7714059  based on r416183c1) clang version 12.0.8 (https://android.googlesource.com/toolchain/llvm-project c935d99d7cf2016289302412d708641d52d2f7ee)]
  ignore line: [Target: aarch64-none-linux-android30]
  ignore line: [Thread model: posix]
  ignore line: [InstalledDir: /home/PJLAB/hanrui/workspace/android_demo_develop_ndk23/android-ndk-r23b/toolchains/llvm/prebuilt/linux-x86_64/bin]
  ignore line: [Found candidate GCC installation: /home/PJLAB/hanrui/workspace/android_demo_develop_ndk23/android-ndk-r23b/toolchains/llvm/prebuilt/linux-x86_64/bin/../lib/gcc/aarch64-linux-android/4.9.x]
  ignore line: [Selected GCC installation: /home/PJLAB/hanrui/workspace/android_demo_develop_ndk23/android-ndk-r23b/toolchains/llvm/prebuilt/linux-x86_64/bin/../lib/gcc/aarch64-linux-android/4.9.x]
  ignore line: [Candidate multilib: .]
  ignore line: [@m64]
  ignore line: [Selected multilib: .]
  ignore line: [@m64]
  ignore line: [ (in-process)]
  ignore line: [ "/home/PJLAB/hanrui/workspace/android_demo_develop_ndk23/android-ndk-r23b/toolchains/llvm/prebuilt/linux-x86_64/bin/clang" -cc1 -triple aarch64-none-linux-android30 -emit-obj --mrelax-relocations -mnoexecstack -disable-free -disable-llvm-verifier -discard-value-names -main-file-name OpenMPTryFlag.c -mrelocation-model pic -pic-level 2 -pic-is-pie -mframe-pointer=non-leaf -fno-rounding-math -mconstructor-aliases -munwind-tables -target-cpu generic -target-feature +neon -target-abi aapcs -mllvm -aarch64-fix-cortex-a53-835769=1 -fallow-half-arguments-and-returns -fno-split-dwarf-inlining -debug-info-kind=limited -dwarf-version=4 -debugger-tuning=gdb -v -ffunction-sections -fdata-sections -resource-dir /home/PJLAB/hanrui/workspace/android_demo_develop_ndk23/android-ndk-r23b/toolchains/llvm/prebuilt/linux-x86_64/lib64/clang/12.0.8 -dependency-file CMakeFiles/cmTC_7728d.dir/OpenMPTryFlag.c.o.d -MT CMakeFiles/cmTC_7728d.dir/OpenMPTryFlag.c.o -sys-header-deps -D ANDROID -D _FORTIFY_SOURCE=2 -D NDEBUG -isysroot /home/PJLAB/hanrui/workspace/android_demo_develop_ndk23/android-ndk-r23b/toolchains/llvm/prebuilt/linux-x86_64/sysroot -internal-isystem /home/PJLAB/hanrui/workspace/android_demo_develop_ndk23/android-ndk-r23b/toolchains/llvm/prebuilt/linux-x86_64/sysroot/usr/local/include -internal-isystem /home/PJLAB/hanrui/workspace/android_demo_develop_ndk23/android-ndk-r23b/toolchains/llvm/prebuilt/linux-x86_64/lib64/clang/12.0.8/include -internal-externc-isystem /home/PJLAB/hanrui/workspace/android_demo_develop_ndk23/android-ndk-r23b/toolchains/llvm/prebuilt/linux-x86_64/sysroot/usr/include/aarch64-linux-android -internal-externc-isystem /home/PJLAB/hanrui/workspace/android_demo_develop_ndk23/android-ndk-r23b/toolchains/llvm/prebuilt/linux-x86_64/sysroot/include -internal-externc-isystem /home/PJLAB/hanrui/workspace/android_demo_develop_ndk23/android-ndk-r23b/toolchains/llvm/prebuilt/linux-x86_64/sysroot/usr/include -O2 -Wformat -Werror=format-security -fdebug-compilation-dir /home/PJLAB/hanrui/AndroidStudioProjects/mmdeploy-X/mmdeployxdetector/app/.cxx/cmake/debug/arm64-v8a/CMakeFiles/CMakeTmp -ferror-limit 19 -fopenmp -fopenmp-cuda-parallel-target-regions -stack-protector 2 -fno-signed-char -fgnuc-version=4.2.1 -fexceptions -vectorize-loops -vectorize-slp -o CMakeFiles/cmTC_7728d.dir/OpenMPTryFlag.c.o -x c /home/PJLAB/hanrui/AndroidStudioProjects/mmdeploy-X/mmdeployxdetector/app/.cxx/cmake/debug/arm64-v8a/CMakeFiles/FindOpenMP/OpenMPTryFlag.c]
  ignore line: [clang -cc1 version 12.0.8 based upon LLVM 12.0.8git default target x86_64-unknown-linux-gnu]
  ignore line: [ignoring nonexistent directory "/home/PJLAB/hanrui/workspace/android_demo_develop_ndk23/android-ndk-r23b/toolchains/llvm/prebuilt/linux-x86_64/sysroot/include"]
  ignore line: [#include "..." search starts here:]
  ignore line: [#include <...> search starts here:]
  ignore line: [ /home/PJLAB/hanrui/workspace/android_demo_develop_ndk23/android-ndk-r23b/toolchains/llvm/prebuilt/linux-x86_64/sysroot/usr/local/include]
  ignore line: [ /home/PJLAB/hanrui/workspace/android_demo_develop_ndk23/android-ndk-r23b/toolchains/llvm/prebuilt/linux-x86_64/lib64/clang/12.0.8/include]
  ignore line: [ /home/PJLAB/hanrui/workspace/android_demo_develop_ndk23/android-ndk-r23b/toolchains/llvm/prebuilt/linux-x86_64/sysroot/usr/include/aarch64-linux-android]
  ignore line: [ /home/PJLAB/hanrui/workspace/android_demo_develop_ndk23/android-ndk-r23b/toolchains/llvm/prebuilt/linux-x86_64/sysroot/usr/include]
  ignore line: [End of search list.]
  ignore line: [[2/2] Linking C executable cmTC_7728d]
  ignore line: [Android (7714059  based on r416183c1) clang version 12.0.8 (https://android.googlesource.com/toolchain/llvm-project c935d99d7cf2016289302412d708641d52d2f7ee)]
  ignore line: [Target: aarch64-none-linux-android30]
  ignore line: [Thread model: posix]
  ignore line: [InstalledDir: /home/PJLAB/hanrui/workspace/android_demo_develop_ndk23/android-ndk-r23b/toolchains/llvm/prebuilt/linux-x86_64/bin]
  ignore line: [Found candidate GCC installation: /home/PJLAB/hanrui/workspace/android_demo_develop_ndk23/android-ndk-r23b/toolchains/llvm/prebuilt/linux-x86_64/bin/../lib/gcc/aarch64-linux-android/4.9.x]
  ignore line: [Selected GCC installation: /home/PJLAB/hanrui/workspace/android_demo_develop_ndk23/android-ndk-r23b/toolchains/llvm/prebuilt/linux-x86_64/bin/../lib/gcc/aarch64-linux-android/4.9.x]
  ignore line: [Candidate multilib: .]
  ignore line: [@m64]
  ignore line: [Selected multilib: .]
  ignore line: [@m64]
  link line: [ "/home/PJLAB/hanrui/workspace/android_demo_develop_ndk23/android-ndk-r23b/toolchains/llvm/prebuilt/linux-x86_64/bin/ld" --sysroot=/home/PJLAB/hanrui/workspace/android_demo_develop_ndk23/android-ndk-r23b/toolchains/llvm/prebuilt/linux-x86_64/sysroot -pie -z noexecstack -EL --fix-cortex-a53-843419 --warn-shared-textrel -z now -z relro -z max-page-size=4096 --hash-style=gnu --enable-new-dtags --eh-frame-hdr -m aarch64linux -dynamic-linker /system/bin/linker64 -o cmTC_7728d /home/PJLAB/hanrui/workspace/android_demo_develop_ndk23/android-ndk-r23b/toolchains/llvm/prebuilt/linux-x86_64/sysroot/usr/lib/aarch64-linux-android/30/crtbegin_dynamic.o -L/home/PJLAB/hanrui/workspace/android_demo_develop_ndk23/android-ndk-r23b/toolchains/llvm/prebuilt/linux-x86_64/lib64/clang/12.0.8/lib/linux/aarch64 -L/home/PJLAB/hanrui/workspace/android_demo_develop_ndk23/android-ndk-r23b/toolchains/llvm/prebuilt/linux-x86_64/bin/../lib/gcc/aarch64-linux-android/4.9.x -L/home/PJLAB/hanrui/workspace/android_demo_develop_ndk23/android-ndk-r23b/toolchains/llvm/prebuilt/linux-x86_64/sysroot/usr/lib/aarch64-linux-android/30 -L/home/PJLAB/hanrui/workspace/android_demo_develop_ndk23/android-ndk-r23b/toolchains/llvm/prebuilt/linux-x86_64/sysroot/usr/lib/aarch64-linux-android -L/home/PJLAB/hanrui/workspace/android_demo_develop_ndk23/android-ndk-r23b/toolchains/llvm/prebuilt/linux-x86_64/sysroot/usr/lib --build-id=sha1 --fatal-warnings --no-undefined --gc-sections CMakeFiles/cmTC_7728d.dir/OpenMPTryFlag.c.o -latomic -lm -lomp /home/PJLAB/hanrui/workspace/android_demo_develop_ndk23/android-ndk-r23b/toolchains/llvm/prebuilt/linux-x86_64/lib64/clang/12.0.8/lib/linux/libclang_rt.builtins-aarch64-android.a -l:libunwind.a -ldl -lc /home/PJLAB/hanrui/workspace/android_demo_develop_ndk23/android-ndk-r23b/toolchains/llvm/prebuilt/linux-x86_64/lib64/clang/12.0.8/lib/linux/libclang_rt.builtins-aarch64-android.a -l:libunwind.a -ldl /home/PJLAB/hanrui/workspace/android_demo_develop_ndk23/android-ndk-r23b/toolchains/llvm/prebuilt/linux-x86_64/sysroot/usr/lib/aarch64-linux-android/30/crtend_android.o]
    arg [/home/PJLAB/hanrui/workspace/android_demo_develop_ndk23/android-ndk-r23b/toolchains/llvm/prebuilt/linux-x86_64/bin/ld] ==> ignore
    arg [--sysroot=/home/PJLAB/hanrui/workspace/android_demo_develop_ndk23/android-ndk-r23b/toolchains/llvm/prebuilt/linux-x86_64/sysroot] ==> ignore
    arg [-pie] ==> ignore
    arg [-znoexecstack] ==> ignore
    arg [-EL] ==> ignore
    arg [--fix-cortex-a53-843419] ==> ignore
    arg [--warn-shared-textrel] ==> ignore
    arg [-znow] ==> ignore
    arg [-zrelro] ==> ignore
    arg [-zmax-page-size=4096] ==> ignore
    arg [--hash-style=gnu] ==> ignore
    arg [--enable-new-dtags] ==> ignore
    arg [--eh-frame-hdr] ==> ignore
    arg [-m] ==> ignore
    arg [aarch64linux] ==> ignore
    arg [-dynamic-linker] ==> ignore
    arg [/system/bin/linker64] ==> ignore
    arg [-o] ==> ignore
    arg [cmTC_7728d] ==> ignore
    arg [-L/home/PJLAB/hanrui/workspace/android_demo_develop_ndk23/android-ndk-r23b/toolchains/llvm/prebuilt/linux-x86_64/lib64/clang/12.0.8/lib/linux/aarch64] ==> dir [/home/PJLAB/hanrui/workspace/android_demo_develop_ndk23/android-ndk-r23b/toolchains/llvm/prebuilt/linux-x86_64/lib64/clang/12.0.8/lib/linux/aarch64]
    arg [-L/home/PJLAB/hanrui/workspace/android_demo_develop_ndk23/android-ndk-r23b/toolchains/llvm/prebuilt/linux-x86_64/bin/../lib/gcc/aarch64-linux-android/4.9.x] ==> dir [/home/PJLAB/hanrui/workspace/android_demo_develop_ndk23/android-ndk-r23b/toolchains/llvm/prebuilt/linux-x86_64/bin/../lib/gcc/aarch64-linux-android/4.9.x]
    arg [-L/home/PJLAB/hanrui/workspace/android_demo_develop_ndk23/android-ndk-r23b/toolchains/llvm/prebuilt/linux-x86_64/sysroot/usr/lib/aarch64-linux-android/30] ==> dir [/home/PJLAB/hanrui/workspace/android_demo_develop_ndk23/android-ndk-r23b/toolchains/llvm/prebuilt/linux-x86_64/sysroot/usr/lib/aarch64-linux-android/30]
    arg [-L/home/PJLAB/hanrui/workspace/android_demo_develop_ndk23/android-ndk-r23b/toolchains/llvm/prebuilt/linux-x86_64/sysroot/usr/lib/aarch64-linux-android] ==> dir [/home/PJLAB/hanrui/workspace/android_demo_develop_ndk23/android-ndk-r23b/toolchains/llvm/prebuilt/linux-x86_64/sysroot/usr/lib/aarch64-linux-android]
    arg [-L/home/PJLAB/hanrui/workspace/android_demo_develop_ndk23/android-ndk-r23b/toolchains/llvm/prebuilt/linux-x86_64/sysroot/usr/lib] ==> dir [/home/PJLAB/hanrui/workspace/android_demo_develop_ndk23/android-ndk-r23b/toolchains/llvm/prebuilt/linux-x86_64/sysroot/usr/lib]
    arg [--build-id=sha1] ==> ignore
    arg [--fatal-warnings] ==> ignore
    arg [--no-undefined] ==> ignore
    arg [--gc-sections] ==> ignore
    arg [CMakeFiles/cmTC_7728d.dir/OpenMPTryFlag.c.o] ==> ignore
    arg [-latomic] ==> lib [atomic]
    arg [-lm] ==> lib [m]
    arg [-lomp] ==> lib [omp]
    arg [/home/PJLAB/hanrui/workspace/android_demo_develop_ndk23/android-ndk-r23b/toolchains/llvm/prebuilt/linux-x86_64/lib64/clang/12.0.8/lib/linux/libclang_rt.builtins-aarch64-android.a] ==> lib [/home/PJLAB/hanrui/workspace/android_demo_develop_ndk23/android-ndk-r23b/toolchains/llvm/prebuilt/linux-x86_64/lib64/clang/12.0.8/lib/linux/libclang_rt.builtins-aarch64-android.a]
    arg [-l:libunwind.a] ==> lib [-l:libunwind.a]
    arg [-ldl] ==> lib [dl]
    arg [-lc] ==> lib [c]
    arg [/home/PJLAB/hanrui/workspace/android_demo_develop_ndk23/android-ndk-r23b/toolchains/llvm/prebuilt/linux-x86_64/lib64/clang/12.0.8/lib/linux/libclang_rt.builtins-aarch64-android.a] ==> lib [/home/PJLAB/hanrui/workspace/android_demo_develop_ndk23/android-ndk-r23b/toolchains/llvm/prebuilt/linux-x86_64/lib64/clang/12.0.8/lib/linux/libclang_rt.builtins-aarch64-android.a]
    arg [-l:libunwind.a] ==> lib [-l:libunwind.a]
    arg [-ldl] ==> lib [dl]
  remove lib [/home/PJLAB/hanrui/workspace/android_demo_develop_ndk23/android-ndk-r23b/toolchains/llvm/prebuilt/linux-x86_64/lib64/clang/12.0.8/lib/linux/libclang_rt.builtins-aarch64-android.a]
  remove lib [/home/PJLAB/hanrui/workspace/android_demo_develop_ndk23/android-ndk-r23b/toolchains/llvm/prebuilt/linux-x86_64/lib64/clang/12.0.8/lib/linux/libclang_rt.builtins-aarch64-android.a]
  collapse library dir [/home/PJLAB/hanrui/workspace/android_demo_develop_ndk23/android-ndk-r23b/toolchains/llvm/prebuilt/linux-x86_64/lib64/clang/12.0.8/lib/linux/aarch64] ==> [/home/PJLAB/hanrui/workspace/android_demo_develop_ndk23/android-ndk-r23b/toolchains/llvm/prebuilt/linux-x86_64/lib64/clang/12.0.8/lib/linux/aarch64]
  collapse library dir [/home/PJLAB/hanrui/workspace/android_demo_develop_ndk23/android-ndk-r23b/toolchains/llvm/prebuilt/linux-x86_64/bin/../lib/gcc/aarch64-linux-android/4.9.x] ==> [/home/PJLAB/hanrui/workspace/android_demo_develop_ndk23/android-ndk-r23b/toolchains/llvm/prebuilt/linux-x86_64/lib/gcc/aarch64-linux-android/4.9.x]
  collapse library dir [/home/PJLAB/hanrui/workspace/android_demo_develop_ndk23/android-ndk-r23b/toolchains/llvm/prebuilt/linux-x86_64/sysroot/usr/lib/aarch64-linux-android/30] ==> [/home/PJLAB/hanrui/workspace/android_demo_develop_ndk23/android-ndk-r23b/toolchains/llvm/prebuilt/linux-x86_64/sysroot/usr/lib/aarch64-linux-android/30]
  collapse library dir [/home/PJLAB/hanrui/workspace/android_demo_develop_ndk23/android-ndk-r23b/toolchains/llvm/prebuilt/linux-x86_64/sysroot/usr/lib/aarch64-linux-android] ==> [/home/PJLAB/hanrui/workspace/android_demo_develop_ndk23/android-ndk-r23b/toolchains/llvm/prebuilt/linux-x86_64/sysroot/usr/lib/aarch64-linux-android]
  collapse library dir [/home/PJLAB/hanrui/workspace/android_demo_develop_ndk23/android-ndk-r23b/toolchains/llvm/prebuilt/linux-x86_64/sysroot/usr/lib] ==> [/home/PJLAB/hanrui/workspace/android_demo_develop_ndk23/android-ndk-r23b/toolchains/llvm/prebuilt/linux-x86_64/sysroot/usr/lib]
  implicit libs: [atomic;m;omp;-l:libunwind.a;dl;c;-l:libunwind.a;dl]
  implicit objs: []
  implicit dirs: [/home/PJLAB/hanrui/workspace/android_demo_develop_ndk23/android-ndk-r23b/toolchains/llvm/prebuilt/linux-x86_64/lib64/clang/12.0.8/lib/linux/aarch64;/home/PJLAB/hanrui/workspace/android_demo_develop_ndk23/android-ndk-r23b/toolchains/llvm/prebuilt/linux-x86_64/lib/gcc/aarch64-linux-android/4.9.x;/home/PJLAB/hanrui/workspace/android_demo_develop_ndk23/android-ndk-r23b/toolchains/llvm/prebuilt/linux-x86_64/sysroot/usr/lib/aarch64-linux-android/30;/home/PJLAB/hanrui/workspace/android_demo_develop_ndk23/android-ndk-r23b/toolchains/llvm/prebuilt/linux-x86_64/sysroot/usr/lib/aarch64-linux-android;/home/PJLAB/hanrui/workspace/android_demo_develop_ndk23/android-ndk-r23b/toolchains/llvm/prebuilt/linux-x86_64/sysroot/usr/lib]
  implicit fwks: []


Detecting CXX OpenMP compiler ABI info compiled with the following output:
Change Dir: /home/PJLAB/hanrui/AndroidStudioProjects/mmdeploy-X/mmdeployxdetector/app/.cxx/cmake/debug/arm64-v8a/CMakeFiles/CMakeTmp

Run Build Command(s):/usr/local/bin/ninja cmTC_e3251 && [1/2] Building CXX object CMakeFiles/cmTC_e3251.dir/OpenMPTryFlag.cpp.o
Android (7714059, based on r416183c1) clang version 12.0.8 (https://android.googlesource.com/toolchain/llvm-project c935d99d7cf2016289302412d708641d52d2f7ee)
Target: aarch64-none-linux-android30
Thread model: posix
InstalledDir: /home/PJLAB/hanrui/workspace/android_demo_develop_ndk23/android-ndk-r23b/toolchains/llvm/prebuilt/linux-x86_64/bin
Found candidate GCC installation: /home/PJLAB/hanrui/workspace/android_demo_develop_ndk23/android-ndk-r23b/toolchains/llvm/prebuilt/linux-x86_64/bin/../lib/gcc/aarch64-linux-android/4.9.x
Selected GCC installation: /home/PJLAB/hanrui/workspace/android_demo_develop_ndk23/android-ndk-r23b/toolchains/llvm/prebuilt/linux-x86_64/bin/../lib/gcc/aarch64-linux-android/4.9.x
Candidate multilib: .;@m64
Selected multilib: .;@m64
 (in-process)
 "/home/PJLAB/hanrui/workspace/android_demo_develop_ndk23/android-ndk-r23b/toolchains/llvm/prebuilt/linux-x86_64/bin/clang++" -cc1 -triple aarch64-none-linux-android30 -emit-obj --mrelax-relocations -mnoexecstack -disable-free -disable-llvm-verifier -discard-value-names -main-file-name OpenMPTryFlag.cpp -mrelocation-model pic -pic-level 2 -pic-is-pie -mframe-pointer=non-leaf -fno-rounding-math -mconstructor-aliases -munwind-tables -target-cpu generic -target-feature +neon -target-abi aapcs -mllvm -aarch64-fix-cortex-a53-835769=1 -fallow-half-arguments-and-returns -fno-split-dwarf-inlining -debug-info-kind=limited -dwarf-version=4 -debugger-tuning=gdb -v -ffunction-sections -fdata-sections -resource-dir /home/PJLAB/hanrui/workspace/android_demo_develop_ndk23/android-ndk-r23b/toolchains/llvm/prebuilt/linux-x86_64/lib64/clang/12.0.8 -dependency-file CMakeFiles/cmTC_e3251.dir/OpenMPTryFlag.cpp.o.d -MT CMakeFiles/cmTC_e3251.dir/OpenMPTryFlag.cpp.o -sys-header-deps -D ANDROID -D _FORTIFY_SOURCE=2 -D NDEBUG -isysroot /home/PJLAB/hanrui/workspace/android_demo_develop_ndk23/android-ndk-r23b/toolchains/llvm/prebuilt/linux-x86_64/sysroot -internal-isystem /home/PJLAB/hanrui/workspace/android_demo_develop_ndk23/android-ndk-r23b/toolchains/llvm/prebuilt/linux-x86_64/sysroot/usr/include/c++/v1 -internal-isystem /home/PJLAB/hanrui/workspace/android_demo_develop_ndk23/android-ndk-r23b/toolchains/llvm/prebuilt/linux-x86_64/sysroot/usr/local/include -internal-isystem /home/PJLAB/hanrui/workspace/android_demo_develop_ndk23/android-ndk-r23b/toolchains/llvm/prebuilt/linux-x86_64/lib64/clang/12.0.8/include -internal-externc-isystem /home/PJLAB/hanrui/workspace/android_demo_develop_ndk23/android-ndk-r23b/toolchains/llvm/prebuilt/linux-x86_64/sysroot/usr/include/aarch64-linux-android -internal-externc-isystem /home/PJLAB/hanrui/workspace/android_demo_develop_ndk23/android-ndk-r23b/toolchains/llvm/prebuilt/linux-x86_64/sysroot/include -internal-externc-isystem /home/PJLAB/hanrui/workspace/android_demo_develop_ndk23/android-ndk-r23b/toolchains/llvm/prebuilt/linux-x86_64/sysroot/usr/include -O2 -Wformat -Werror=format-security -fdeprecated-macro -fdebug-compilation-dir /home/PJLAB/hanrui/AndroidStudioProjects/mmdeploy-X/mmdeployxdetector/app/.cxx/cmake/debug/arm64-v8a/CMakeFiles/CMakeTmp -ferror-limit 19 -fopenmp -fopenmp-cuda-parallel-target-regions -stack-protector 2 -fno-signed-char -fgnuc-version=4.2.1 -fcxx-exceptions -fexceptions -vectorize-loops -vectorize-slp -o CMakeFiles/cmTC_e3251.dir/OpenMPTryFlag.cpp.o -x c++ /home/PJLAB/hanrui/AndroidStudioProjects/mmdeploy-X/mmdeployxdetector/app/.cxx/cmake/debug/arm64-v8a/CMakeFiles/FindOpenMP/OpenMPTryFlag.cpp
clang -cc1 version 12.0.8 based upon LLVM 12.0.8git default target x86_64-unknown-linux-gnu
ignoring nonexistent directory "/home/PJLAB/hanrui/workspace/android_demo_develop_ndk23/android-ndk-r23b/toolchains/llvm/prebuilt/linux-x86_64/sysroot/include"
#include "..." search starts here:
#include <...> search starts here:
 /home/PJLAB/hanrui/workspace/android_demo_develop_ndk23/android-ndk-r23b/toolchains/llvm/prebuilt/linux-x86_64/sysroot/usr/include/c++/v1
 /home/PJLAB/hanrui/workspace/android_demo_develop_ndk23/android-ndk-r23b/toolchains/llvm/prebuilt/linux-x86_64/sysroot/usr/local/include
 /home/PJLAB/hanrui/workspace/android_demo_develop_ndk23/android-ndk-r23b/toolchains/llvm/prebuilt/linux-x86_64/lib64/clang/12.0.8/include
 /home/PJLAB/hanrui/workspace/android_demo_develop_ndk23/android-ndk-r23b/toolchains/llvm/prebuilt/linux-x86_64/sysroot/usr/include/aarch64-linux-android
 /home/PJLAB/hanrui/workspace/android_demo_develop_ndk23/android-ndk-r23b/toolchains/llvm/prebuilt/linux-x86_64/sysroot/usr/include
End of search list.
[2/2] Linking CXX executable cmTC_e3251
Android (7714059, based on r416183c1) clang version 12.0.8 (https://android.googlesource.com/toolchain/llvm-project c935d99d7cf2016289302412d708641d52d2f7ee)
Target: aarch64-none-linux-android30
Thread model: posix
InstalledDir: /home/PJLAB/hanrui/workspace/android_demo_develop_ndk23/android-ndk-r23b/toolchains/llvm/prebuilt/linux-x86_64/bin
Found candidate GCC installation: /home/PJLAB/hanrui/workspace/android_demo_develop_ndk23/android-ndk-r23b/toolchains/llvm/prebuilt/linux-x86_64/bin/../lib/gcc/aarch64-linux-android/4.9.x
Selected GCC installation: /home/PJLAB/hanrui/workspace/android_demo_develop_ndk23/android-ndk-r23b/toolchains/llvm/prebuilt/linux-x86_64/bin/../lib/gcc/aarch64-linux-android/4.9.x
Candidate multilib: .;@m64
Selected multilib: .;@m64
 "/home/PJLAB/hanrui/workspace/android_demo_develop_ndk23/android-ndk-r23b/toolchains/llvm/prebuilt/linux-x86_64/bin/ld" --sysroot=/home/PJLAB/hanrui/workspace/android_demo_develop_ndk23/android-ndk-r23b/toolchains/llvm/prebuilt/linux-x86_64/sysroot -pie -z noexecstack -EL --fix-cortex-a53-843419 --warn-shared-textrel -z now -z relro -z max-page-size=4096 --hash-style=gnu --enable-new-dtags --eh-frame-hdr -m aarch64linux -dynamic-linker /system/bin/linker64 -o cmTC_e3251 /home/PJLAB/hanrui/workspace/android_demo_develop_ndk23/android-ndk-r23b/toolchains/llvm/prebuilt/linux-x86_64/sysroot/usr/lib/aarch64-linux-android/30/crtbegin_dynamic.o -L/home/PJLAB/hanrui/workspace/android_demo_develop_ndk23/android-ndk-r23b/toolchains/llvm/prebuilt/linux-x86_64/lib64/clang/12.0.8/lib/linux/aarch64 -L/home/PJLAB/hanrui/workspace/android_demo_develop_ndk23/android-ndk-r23b/toolchains/llvm/prebuilt/linux-x86_64/bin/../lib/gcc/aarch64-linux-android/4.9.x -L/home/PJLAB/hanrui/workspace/android_demo_develop_ndk23/android-ndk-r23b/toolchains/llvm/prebuilt/linux-x86_64/sysroot/usr/lib/aarch64-linux-android/30 -L/home/PJLAB/hanrui/workspace/android_demo_develop_ndk23/android-ndk-r23b/toolchains/llvm/prebuilt/linux-x86_64/sysroot/usr/lib/aarch64-linux-android -L/home/PJLAB/hanrui/workspace/android_demo_develop_ndk23/android-ndk-r23b/toolchains/llvm/prebuilt/linux-x86_64/sysroot/usr/lib --build-id=sha1 --fatal-warnings --no-undefined --gc-sections CMakeFiles/cmTC_e3251.dir/OpenMPTryFlag.cpp.o -latomic -lm -Bstatic -lc++ -Bdynamic -lm -lomp /home/PJLAB/hanrui/workspace/android_demo_develop_ndk23/android-ndk-r23b/toolchains/llvm/prebuilt/linux-x86_64/lib64/clang/12.0.8/lib/linux/libclang_rt.builtins-aarch64-android.a -l:libunwind.a -ldl -lc /home/PJLAB/hanrui/workspace/android_demo_develop_ndk23/android-ndk-r23b/toolchains/llvm/prebuilt/linux-x86_64/lib64/clang/12.0.8/lib/linux/libclang_rt.builtins-aarch64-android.a -l:libunwind.a -ldl /home/PJLAB/hanrui/workspace/android_demo_develop_ndk23/android-ndk-r23b/toolchains/llvm/prebuilt/linux-x86_64/sysroot/usr/lib/aarch64-linux-android/30/crtend_android.o



Parsed CXX OpenMP implicit link information from above output:
  link line regex: [^( *|.*[/\])(ld\.lld|CMAKE_LINK_STARTFILE-NOTFOUND|([^/\]+-)?ld|collect2)[^/\]*( |$)]
  ignore line: [Change Dir: /home/PJLAB/hanrui/AndroidStudioProjects/mmdeploy-X/mmdeployxdetector/app/.cxx/cmake/debug/arm64-v8a/CMakeFiles/CMakeTmp]
  ignore line: []
  ignore line: [Run Build Command(s):/usr/local/bin/ninja cmTC_e3251 && [1/2] Building CXX object CMakeFiles/cmTC_e3251.dir/OpenMPTryFlag.cpp.o]
  ignore line: [Android (7714059  based on r416183c1) clang version 12.0.8 (https://android.googlesource.com/toolchain/llvm-project c935d99d7cf2016289302412d708641d52d2f7ee)]
  ignore line: [Target: aarch64-none-linux-android30]
  ignore line: [Thread model: posix]
  ignore line: [InstalledDir: /home/PJLAB/hanrui/workspace/android_demo_develop_ndk23/android-ndk-r23b/toolchains/llvm/prebuilt/linux-x86_64/bin]
  ignore line: [Found candidate GCC installation: /home/PJLAB/hanrui/workspace/android_demo_develop_ndk23/android-ndk-r23b/toolchains/llvm/prebuilt/linux-x86_64/bin/../lib/gcc/aarch64-linux-android/4.9.x]
  ignore line: [Selected GCC installation: /home/PJLAB/hanrui/workspace/android_demo_develop_ndk23/android-ndk-r23b/toolchains/llvm/prebuilt/linux-x86_64/bin/../lib/gcc/aarch64-linux-android/4.9.x]
  ignore line: [Candidate multilib: .]
  ignore line: [@m64]
  ignore line: [Selected multilib: .]
  ignore line: [@m64]
  ignore line: [ (in-process)]
  ignore line: [ "/home/PJLAB/hanrui/workspace/android_demo_develop_ndk23/android-ndk-r23b/toolchains/llvm/prebuilt/linux-x86_64/bin/clang++" -cc1 -triple aarch64-none-linux-android30 -emit-obj --mrelax-relocations -mnoexecstack -disable-free -disable-llvm-verifier -discard-value-names -main-file-name OpenMPTryFlag.cpp -mrelocation-model pic -pic-level 2 -pic-is-pie -mframe-pointer=non-leaf -fno-rounding-math -mconstructor-aliases -munwind-tables -target-cpu generic -target-feature +neon -target-abi aapcs -mllvm -aarch64-fix-cortex-a53-835769=1 -fallow-half-arguments-and-returns -fno-split-dwarf-inlining -debug-info-kind=limited -dwarf-version=4 -debugger-tuning=gdb -v -ffunction-sections -fdata-sections -resource-dir /home/PJLAB/hanrui/workspace/android_demo_develop_ndk23/android-ndk-r23b/toolchains/llvm/prebuilt/linux-x86_64/lib64/clang/12.0.8 -dependency-file CMakeFiles/cmTC_e3251.dir/OpenMPTryFlag.cpp.o.d -MT CMakeFiles/cmTC_e3251.dir/OpenMPTryFlag.cpp.o -sys-header-deps -D ANDROID -D _FORTIFY_SOURCE=2 -D NDEBUG -isysroot /home/PJLAB/hanrui/workspace/android_demo_develop_ndk23/android-ndk-r23b/toolchains/llvm/prebuilt/linux-x86_64/sysroot -internal-isystem /home/PJLAB/hanrui/workspace/android_demo_develop_ndk23/android-ndk-r23b/toolchains/llvm/prebuilt/linux-x86_64/sysroot/usr/include/c++/v1 -internal-isystem /home/PJLAB/hanrui/workspace/android_demo_develop_ndk23/android-ndk-r23b/toolchains/llvm/prebuilt/linux-x86_64/sysroot/usr/local/include -internal-isystem /home/PJLAB/hanrui/workspace/android_demo_develop_ndk23/android-ndk-r23b/toolchains/llvm/prebuilt/linux-x86_64/lib64/clang/12.0.8/include -internal-externc-isystem /home/PJLAB/hanrui/workspace/android_demo_develop_ndk23/android-ndk-r23b/toolchains/llvm/prebuilt/linux-x86_64/sysroot/usr/include/aarch64-linux-android -internal-externc-isystem /home/PJLAB/hanrui/workspace/android_demo_develop_ndk23/android-ndk-r23b/toolchains/llvm/prebuilt/linux-x86_64/sysroot/include -internal-externc-isystem /home/PJLAB/hanrui/workspace/android_demo_develop_ndk23/android-ndk-r23b/toolchains/llvm/prebuilt/linux-x86_64/sysroot/usr/include -O2 -Wformat -Werror=format-security -fdeprecated-macro -fdebug-compilation-dir /home/PJLAB/hanrui/AndroidStudioProjects/mmdeploy-X/mmdeployxdetector/app/.cxx/cmake/debug/arm64-v8a/CMakeFiles/CMakeTmp -ferror-limit 19 -fopenmp -fopenmp-cuda-parallel-target-regions -stack-protector 2 -fno-signed-char -fgnuc-version=4.2.1 -fcxx-exceptions -fexceptions -vectorize-loops -vectorize-slp -o CMakeFiles/cmTC_e3251.dir/OpenMPTryFlag.cpp.o -x c++ /home/PJLAB/hanrui/AndroidStudioProjects/mmdeploy-X/mmdeployxdetector/app/.cxx/cmake/debug/arm64-v8a/CMakeFiles/FindOpenMP/OpenMPTryFlag.cpp]
  ignore line: [clang -cc1 version 12.0.8 based upon LLVM 12.0.8git default target x86_64-unknown-linux-gnu]
  ignore line: [ignoring nonexistent directory "/home/PJLAB/hanrui/workspace/android_demo_develop_ndk23/android-ndk-r23b/toolchains/llvm/prebuilt/linux-x86_64/sysroot/include"]
  ignore line: [#include "..." search starts here:]
  ignore line: [#include <...> search starts here:]
  ignore line: [ /home/PJLAB/hanrui/workspace/android_demo_develop_ndk23/android-ndk-r23b/toolchains/llvm/prebuilt/linux-x86_64/sysroot/usr/include/c++/v1]
  ignore line: [ /home/PJLAB/hanrui/workspace/android_demo_develop_ndk23/android-ndk-r23b/toolchains/llvm/prebuilt/linux-x86_64/sysroot/usr/local/include]
  ignore line: [ /home/PJLAB/hanrui/workspace/android_demo_develop_ndk23/android-ndk-r23b/toolchains/llvm/prebuilt/linux-x86_64/lib64/clang/12.0.8/include]
  ignore line: [ /home/PJLAB/hanrui/workspace/android_demo_develop_ndk23/android-ndk-r23b/toolchains/llvm/prebuilt/linux-x86_64/sysroot/usr/include/aarch64-linux-android]
  ignore line: [ /home/PJLAB/hanrui/workspace/android_demo_develop_ndk23/android-ndk-r23b/toolchains/llvm/prebuilt/linux-x86_64/sysroot/usr/include]
  ignore line: [End of search list.]
  ignore line: [[2/2] Linking CXX executable cmTC_e3251]
  ignore line: [Android (7714059  based on r416183c1) clang version 12.0.8 (https://android.googlesource.com/toolchain/llvm-project c935d99d7cf2016289302412d708641d52d2f7ee)]
  ignore line: [Target: aarch64-none-linux-android30]
  ignore line: [Thread model: posix]
  ignore line: [InstalledDir: /home/PJLAB/hanrui/workspace/android_demo_develop_ndk23/android-ndk-r23b/toolchains/llvm/prebuilt/linux-x86_64/bin]
  ignore line: [Found candidate GCC installation: /home/PJLAB/hanrui/workspace/android_demo_develop_ndk23/android-ndk-r23b/toolchains/llvm/prebuilt/linux-x86_64/bin/../lib/gcc/aarch64-linux-android/4.9.x]
  ignore line: [Selected GCC installation: /home/PJLAB/hanrui/workspace/android_demo_develop_ndk23/android-ndk-r23b/toolchains/llvm/prebuilt/linux-x86_64/bin/../lib/gcc/aarch64-linux-android/4.9.x]
  ignore line: [Candidate multilib: .]
  ignore line: [@m64]
  ignore line: [Selected multilib: .]
  ignore line: [@m64]
  link line: [ "/home/PJLAB/hanrui/workspace/android_demo_develop_ndk23/android-ndk-r23b/toolchains/llvm/prebuilt/linux-x86_64/bin/ld" --sysroot=/home/PJLAB/hanrui/workspace/android_demo_develop_ndk23/android-ndk-r23b/toolchains/llvm/prebuilt/linux-x86_64/sysroot -pie -z noexecstack -EL --fix-cortex-a53-843419 --warn-shared-textrel -z now -z relro -z max-page-size=4096 --hash-style=gnu --enable-new-dtags --eh-frame-hdr -m aarch64linux -dynamic-linker /system/bin/linker64 -o cmTC_e3251 /home/PJLAB/hanrui/workspace/android_demo_develop_ndk23/android-ndk-r23b/toolchains/llvm/prebuilt/linux-x86_64/sysroot/usr/lib/aarch64-linux-android/30/crtbegin_dynamic.o -L/home/PJLAB/hanrui/workspace/android_demo_develop_ndk23/android-ndk-r23b/toolchains/llvm/prebuilt/linux-x86_64/lib64/clang/12.0.8/lib/linux/aarch64 -L/home/PJLAB/hanrui/workspace/android_demo_develop_ndk23/android-ndk-r23b/toolchains/llvm/prebuilt/linux-x86_64/bin/../lib/gcc/aarch64-linux-android/4.9.x -L/home/PJLAB/hanrui/workspace/android_demo_develop_ndk23/android-ndk-r23b/toolchains/llvm/prebuilt/linux-x86_64/sysroot/usr/lib/aarch64-linux-android/30 -L/home/PJLAB/hanrui/workspace/android_demo_develop_ndk23/android-ndk-r23b/toolchains/llvm/prebuilt/linux-x86_64/sysroot/usr/lib/aarch64-linux-android -L/home/PJLAB/hanrui/workspace/android_demo_develop_ndk23/android-ndk-r23b/toolchains/llvm/prebuilt/linux-x86_64/sysroot/usr/lib --build-id=sha1 --fatal-warnings --no-undefined --gc-sections CMakeFiles/cmTC_e3251.dir/OpenMPTryFlag.cpp.o -latomic -lm -Bstatic -lc++ -Bdynamic -lm -lomp /home/PJLAB/hanrui/workspace/android_demo_develop_ndk23/android-ndk-r23b/toolchains/llvm/prebuilt/linux-x86_64/lib64/clang/12.0.8/lib/linux/libclang_rt.builtins-aarch64-android.a -l:libunwind.a -ldl -lc /home/PJLAB/hanrui/workspace/android_demo_develop_ndk23/android-ndk-r23b/toolchains/llvm/prebuilt/linux-x86_64/lib64/clang/12.0.8/lib/linux/libclang_rt.builtins-aarch64-android.a -l:libunwind.a -ldl /home/PJLAB/hanrui/workspace/android_demo_develop_ndk23/android-ndk-r23b/toolchains/llvm/prebuilt/linux-x86_64/sysroot/usr/lib/aarch64-linux-android/30/crtend_android.o]
    arg [/home/PJLAB/hanrui/workspace/android_demo_develop_ndk23/android-ndk-r23b/toolchains/llvm/prebuilt/linux-x86_64/bin/ld] ==> ignore
    arg [--sysroot=/home/PJLAB/hanrui/workspace/android_demo_develop_ndk23/android-ndk-r23b/toolchains/llvm/prebuilt/linux-x86_64/sysroot] ==> ignore
    arg [-pie] ==> ignore
    arg [-znoexecstack] ==> ignore
    arg [-EL] ==> ignore
    arg [--fix-cortex-a53-843419] ==> ignore
    arg [--warn-shared-textrel] ==> ignore
    arg [-znow] ==> ignore
    arg [-zrelro] ==> ignore
    arg [-zmax-page-size=4096] ==> ignore
    arg [--hash-style=gnu] ==> ignore
    arg [--enable-new-dtags] ==> ignore
    arg [--eh-frame-hdr] ==> ignore
    arg [-m] ==> ignore
    arg [aarch64linux] ==> ignore
    arg [-dynamic-linker] ==> ignore
    arg [/system/bin/linker64] ==> ignore
    arg [-o] ==> ignore
    arg [cmTC_e3251] ==> ignore
    arg [-L/home/PJLAB/hanrui/workspace/android_demo_develop_ndk23/android-ndk-r23b/toolchains/llvm/prebuilt/linux-x86_64/lib64/clang/12.0.8/lib/linux/aarch64] ==> dir [/home/PJLAB/hanrui/workspace/android_demo_develop_ndk23/android-ndk-r23b/toolchains/llvm/prebuilt/linux-x86_64/lib64/clang/12.0.8/lib/linux/aarch64]
    arg [-L/home/PJLAB/hanrui/workspace/android_demo_develop_ndk23/android-ndk-r23b/toolchains/llvm/prebuilt/linux-x86_64/bin/../lib/gcc/aarch64-linux-android/4.9.x] ==> dir [/home/PJLAB/hanrui/workspace/android_demo_develop_ndk23/android-ndk-r23b/toolchains/llvm/prebuilt/linux-x86_64/bin/../lib/gcc/aarch64-linux-android/4.9.x]
    arg [-L/home/PJLAB/hanrui/workspace/android_demo_develop_ndk23/android-ndk-r23b/toolchains/llvm/prebuilt/linux-x86_64/sysroot/usr/lib/aarch64-linux-android/30] ==> dir [/home/PJLAB/hanrui/workspace/android_demo_develop_ndk23/android-ndk-r23b/toolchains/llvm/prebuilt/linux-x86_64/sysroot/usr/lib/aarch64-linux-android/30]
    arg [-L/home/PJLAB/hanrui/workspace/android_demo_develop_ndk23/android-ndk-r23b/toolchains/llvm/prebuilt/linux-x86_64/sysroot/usr/lib/aarch64-linux-android] ==> dir [/home/PJLAB/hanrui/workspace/android_demo_develop_ndk23/android-ndk-r23b/toolchains/llvm/prebuilt/linux-x86_64/sysroot/usr/lib/aarch64-linux-android]
    arg [-L/home/PJLAB/hanrui/workspace/android_demo_develop_ndk23/android-ndk-r23b/toolchains/llvm/prebuilt/linux-x86_64/sysroot/usr/lib] ==> dir [/home/PJLAB/hanrui/workspace/android_demo_develop_ndk23/android-ndk-r23b/toolchains/llvm/prebuilt/linux-x86_64/sysroot/usr/lib]
    arg [--build-id=sha1] ==> ignore
    arg [--fatal-warnings] ==> ignore
    arg [--no-undefined] ==> ignore
    arg [--gc-sections] ==> ignore
    arg [CMakeFiles/cmTC_e3251.dir/OpenMPTryFlag.cpp.o] ==> ignore
    arg [-latomic] ==> lib [atomic]
    arg [-lm] ==> lib [m]
    arg [-Bstatic] ==> search static
    arg [-lc++] ==> lib [c++]
    arg [-Bdynamic] ==> search dynamic
    arg [-lm] ==> lib [m]
    arg [-lomp] ==> lib [omp]
    arg [/home/PJLAB/hanrui/workspace/android_demo_develop_ndk23/android-ndk-r23b/toolchains/llvm/prebuilt/linux-x86_64/lib64/clang/12.0.8/lib/linux/libclang_rt.builtins-aarch64-android.a] ==> lib [/home/PJLAB/hanrui/workspace/android_demo_develop_ndk23/android-ndk-r23b/toolchains/llvm/prebuilt/linux-x86_64/lib64/clang/12.0.8/lib/linux/libclang_rt.builtins-aarch64-android.a]
    arg [-l:libunwind.a] ==> lib [-l:libunwind.a]
    arg [-ldl] ==> lib [dl]
    arg [-lc] ==> lib [c]
    arg [/home/PJLAB/hanrui/workspace/android_demo_develop_ndk23/android-ndk-r23b/toolchains/llvm/prebuilt/linux-x86_64/lib64/clang/12.0.8/lib/linux/libclang_rt.builtins-aarch64-android.a] ==> lib [/home/PJLAB/hanrui/workspace/android_demo_develop_ndk23/android-ndk-r23b/toolchains/llvm/prebuilt/linux-x86_64/lib64/clang/12.0.8/lib/linux/libclang_rt.builtins-aarch64-android.a]
    arg [-l:libunwind.a] ==> lib [-l:libunwind.a]
    arg [-ldl] ==> lib [dl]
  remove lib [/home/PJLAB/hanrui/workspace/android_demo_develop_ndk23/android-ndk-r23b/toolchains/llvm/prebuilt/linux-x86_64/lib64/clang/12.0.8/lib/linux/libclang_rt.builtins-aarch64-android.a]
  remove lib [/home/PJLAB/hanrui/workspace/android_demo_develop_ndk23/android-ndk-r23b/toolchains/llvm/prebuilt/linux-x86_64/lib64/clang/12.0.8/lib/linux/libclang_rt.builtins-aarch64-android.a]
  collapse library dir [/home/PJLAB/hanrui/workspace/android_demo_develop_ndk23/android-ndk-r23b/toolchains/llvm/prebuilt/linux-x86_64/lib64/clang/12.0.8/lib/linux/aarch64] ==> [/home/PJLAB/hanrui/workspace/android_demo_develop_ndk23/android-ndk-r23b/toolchains/llvm/prebuilt/linux-x86_64/lib64/clang/12.0.8/lib/linux/aarch64]
  collapse library dir [/home/PJLAB/hanrui/workspace/android_demo_develop_ndk23/android-ndk-r23b/toolchains/llvm/prebuilt/linux-x86_64/bin/../lib/gcc/aarch64-linux-android/4.9.x] ==> [/home/PJLAB/hanrui/workspace/android_demo_develop_ndk23/android-ndk-r23b/toolchains/llvm/prebuilt/linux-x86_64/lib/gcc/aarch64-linux-android/4.9.x]
  collapse library dir [/home/PJLAB/hanrui/workspace/android_demo_develop_ndk23/android-ndk-r23b/toolchains/llvm/prebuilt/linux-x86_64/sysroot/usr/lib/aarch64-linux-android/30] ==> [/home/PJLAB/hanrui/workspace/android_demo_develop_ndk23/android-ndk-r23b/toolchains/llvm/prebuilt/linux-x86_64/sysroot/usr/lib/aarch64-linux-android/30]
  collapse library dir [/home/PJLAB/hanrui/workspace/android_demo_develop_ndk23/android-ndk-r23b/toolchains/llvm/prebuilt/linux-x86_64/sysroot/usr/lib/aarch64-linux-android] ==> [/home/PJLAB/hanrui/workspace/android_demo_develop_ndk23/android-ndk-r23b/toolchains/llvm/prebuilt/linux-x86_64/sysroot/usr/lib/aarch64-linux-android]
  collapse library dir [/home/PJLAB/hanrui/workspace/android_demo_develop_ndk23/android-ndk-r23b/toolchains/llvm/prebuilt/linux-x86_64/sysroot/usr/lib] ==> [/home/PJLAB/hanrui/workspace/android_demo_develop_ndk23/android-ndk-r23b/toolchains/llvm/prebuilt/linux-x86_64/sysroot/usr/lib]
  implicit libs: [atomic;m;c++;m;omp;-l:libunwind.a;dl;c;-l:libunwind.a;dl]
  implicit objs: []
  implicit dirs: [/home/PJLAB/hanrui/workspace/android_demo_develop_ndk23/android-ndk-r23b/toolchains/llvm/prebuilt/linux-x86_64/lib64/clang/12.0.8/lib/linux/aarch64;/home/PJLAB/hanrui/workspace/android_demo_develop_ndk23/android-ndk-r23b/toolchains/llvm/prebuilt/linux-x86_64/lib/gcc/aarch64-linux-android/4.9.x;/home/PJLAB/hanrui/workspace/android_demo_develop_ndk23/android-ndk-r23b/toolchains/llvm/prebuilt/linux-x86_64/sysroot/usr/lib/aarch64-linux-android/30;/home/PJLAB/hanrui/workspace/android_demo_develop_ndk23/android-ndk-r23b/toolchains/llvm/prebuilt/linux-x86_64/sysroot/usr/lib/aarch64-linux-android;/home/PJLAB/hanrui/workspace/android_demo_develop_ndk23/android-ndk-r23b/toolchains/llvm/prebuilt/linux-x86_64/sysroot/usr/lib]
  implicit fwks: []


Determining if the include file pthread.h exists passed with the following output:
Change Dir: /home/PJLAB/hanrui/AndroidStudioProjects/mmdeploy-X/mmdeployxdetector/app/.cxx/cmake/debug/arm64-v8a/CMakeFiles/CMakeTmp

Run Build Command(s):/usr/local/bin/ninja cmTC_6d5c2 && [1/2] Building C object CMakeFiles/cmTC_6d5c2.dir/CheckIncludeFile.c.o
[2/2] Linking C executable cmTC_6d5c2



