Performing C SOURCE FILE Test CMAKE_HAVE_LIBC_PTHREAD failed with the following output:
Change Dir: /home/PJLAB/hanrui/workspace/MMDeployX-issue1/MMDeployX-prototype/mmdeployxdetector/app/.cxx/cmake/debug/arm64-v8a/CMakeFiles/CMakeTmp

Run Build Command(s):/usr/local/bin/ninja cmTC_878c1 && [1/2] Building C object CMakeFiles/cmTC_878c1.dir/src.c.o
/home/PJLAB/hanrui/workspace/MMDeployX-issue1/MMDeployX-prototype/mmdeployxdetector/app/.cxx/cmake/debug/arm64-v8a/CMakeFiles/CMakeTmp/src.c:13:3: warning: implicit declaration of function 'pthread_cancel' is invalid in C99 [-Wimplicit-function-declaration]
  pthread_cancel(thread);
  ^
1 warning generated.
[2/2] Linking C executable cmTC_878c1
FAILED: cmTC_878c1 
: && /home/PJLAB/hanrui/workspace/android_demo_develop_ndk23/android-ndk-r23b/toolchains/llvm/prebuilt/linux-x86_64/bin/clang --target=aarch64-none-linux-android30 --sysroot=/home/PJLAB/hanrui/workspace/android_demo_develop_ndk23/android-ndk-r23b/toolchains/llvm/prebuilt/linux-x86_64/sysroot -DANDROID -fdata-sections -ffunction-sections -funwind-tables -fstack-protector-strong -no-canonical-prefixes -D_FORTIFY_SOURCE=2 -Wformat -Werror=format-security -fexceptions  -O2 -g -DNDEBUG -Wl,--build-id=sha1 -Wl,--fatal-warnings -Qunused-arguments -Wl,--no-undefined  -Wl,--gc-sections CMakeFiles/cmTC_878c1.dir/src.c.o -o cmTC_878c1  -latomic -lm && :
ld: error: undefined symbol: pthread_cancel
>>> referenced by src.c:13
>>>               CMakeFiles/cmTC_878c1.dir/src.c.o:(main)
clang: error: linker command failed with exit code 1 (use -v to see invocation)
ninja: build stopped: subcommand failed.


Source file was:
#include <pthread.h>

static void* test_func(void* data)
{
  return data;
}

int main(void)
{
  pthread_t thread;
  pthread_create(&thread, NULL, test_func, NULL);
  pthread_detach(thread);
  pthread_cancel(thread);
  pthread_join(thread, NULL);
  pthread_atfork(NULL, NULL, NULL);
  pthread_exit(NULL);

  return 0;
}

